TpTrace Verbose: 0 : 14192, 1, 2023/08/03, 16:25:14.060, 4913557814091, vstest.console.dll, Version: 17.6.0-release-20230405-08 Current process architecture: X64
TpTrace Verbose: 0 : 14192, 1, 2023/08/03, 16:25:14.062, 4913557833861, vstest.console.dll, Runtime location: C:\Program Files\dotnet\shared\Microsoft.NETCore.App\7.0.7
TpTrace Verbose: 0 : 14192, 1, 2023/08/03, 16:25:14.065, 4913557862269, vstest.console.dll, ArtifactProcessingPostProcessModeProcessorExecutor.Initialize: ArtifactProcessingMode.Collect
TpTrace Verbose: 0 : 14192, 1, 2023/08/03, 16:25:14.065, 4913557863897, vstest.console.dll, TestSessionCorrelationIdProcessorModeProcessorExecutor.Initialize: TestSessionCorrelationId '19628_5065b6e0-0c1c-4791-8ad2-699badef62ac'
TpTrace Information: 0 : 14192, 1, 2023/08/03, 16:25:14.073, 4913557936583, vstest.console.dll, FilePatternParser: The given file C:\Repo\ParcelCostCalculation\ParcelCostCalculation.Test\bin\Debug\net7.0\fine-code-coverage\build-output\ParcelCostCalculation.Test.dll is a full path.
TpTrace Verbose: 0 : 14192, 1, 2023/08/03, 16:25:14.077, 4913557983058, vstest.console.dll, TestPluginCache.DiscoverTestExtensions: finding test extensions in assemblies ends with: RuntimeProvider.dll TPluginInfo: Microsoft.VisualStudio.TestPlatform.Common.ExtensionFramework.Utilities.TestRuntimePluginInformation TExtension: Microsoft.VisualStudio.TestPlatform.ObjectModel.Host.ITestRuntimeProvider
TpTrace Verbose: 0 : 14192, 1, 2023/08/03, 16:25:14.078, 4913557986726, vstest.console.dll, TestPluginCache.GetExtensionPaths: Filtered extension paths: 
TpTrace Verbose: 0 : 14192, 1, 2023/08/03, 16:25:14.078, 4913557987630, vstest.console.dll, TestPluginCache.GetExtensionPaths: Added default extension paths: C:\Program Files\dotnet\sdk\7.0.304\Extensions\Microsoft.Diagnostics.NETCore.Client.dll
C:\Program Files\dotnet\sdk\7.0.304\Extensions\Microsoft.TestPlatform.Extensions.BlameDataCollector.dll
C:\Program Files\dotnet\sdk\7.0.304\Extensions\Microsoft.TestPlatform.Extensions.EventLogCollector.dll
C:\Program Files\dotnet\sdk\7.0.304\Extensions\Microsoft.TestPlatform.TestHostRuntimeProvider.dll
C:\Program Files\dotnet\sdk\7.0.304\Extensions\Microsoft.VisualStudio.TestPlatform.Extensions.Html.TestLogger.dll
C:\Program Files\dotnet\sdk\7.0.304\Extensions\Microsoft.VisualStudio.TestPlatform.Extensions.Trx.TestLogger.dll
TpTrace Verbose: 0 : 14192, 1, 2023/08/03, 16:25:14.078, 4913557988033, vstest.console.dll, TestPluginCache.GetExtensionPaths: Added unfilterableExtensionPaths: 
TpTrace Information: 0 : 14192, 1, 2023/08/03, 16:25:14.079, 4913557997151, vstest.console.dll, AssemblyResolver.ctor: Creating AssemblyResolver with searchDirectories C:\Program Files\dotnet\sdk\7.0.304\Extensions,C:\Program Files\dotnet\sdk\7.0.304
TpTrace Verbose: 0 : 14192, 1, 2023/08/03, 16:25:14.080, 4913558013862, vstest.console.dll, TestPluginCache.DiscoverTestExtensions: Discovering the extensions using extension path.
TpTrace Verbose: 0 : 14192, 1, 2023/08/03, 16:25:14.080, 4913558015878, vstest.console.dll, TestPluginCache.GetExtensionPaths: Filtered extension paths: 
TpTrace Verbose: 0 : 14192, 1, 2023/08/03, 16:25:14.081, 4913558016492, vstest.console.dll, TestPluginCache.GetExtensionPaths: Added default extension paths: C:\Program Files\dotnet\sdk\7.0.304\Extensions\Microsoft.Diagnostics.NETCore.Client.dll
C:\Program Files\dotnet\sdk\7.0.304\Extensions\Microsoft.TestPlatform.Extensions.BlameDataCollector.dll
C:\Program Files\dotnet\sdk\7.0.304\Extensions\Microsoft.TestPlatform.Extensions.EventLogCollector.dll
C:\Program Files\dotnet\sdk\7.0.304\Extensions\Microsoft.TestPlatform.TestHostRuntimeProvider.dll
C:\Program Files\dotnet\sdk\7.0.304\Extensions\Microsoft.VisualStudio.TestPlatform.Extensions.Html.TestLogger.dll
C:\Program Files\dotnet\sdk\7.0.304\Extensions\Microsoft.VisualStudio.TestPlatform.Extensions.Trx.TestLogger.dll
TpTrace Verbose: 0 : 14192, 1, 2023/08/03, 16:25:14.081, 4913558016874, vstest.console.dll, TestPluginCache.GetExtensionPaths: Added unfilterableExtensionPaths: 
TpTrace Verbose: 0 : 14192, 1, 2023/08/03, 16:25:14.081, 4913558018053, vstest.console.dll, TestPluginCache.DiscoverTestExtensions: Discovering the extensions using allExtensionPaths: C:\Program Files\dotnet\sdk\7.0.304\Extensions\Microsoft.Diagnostics.NETCore.Client.dll
C:\Program Files\dotnet\sdk\7.0.304\Extensions\Microsoft.TestPlatform.Extensions.BlameDataCollector.dll
C:\Program Files\dotnet\sdk\7.0.304\Extensions\Microsoft.TestPlatform.Extensions.EventLogCollector.dll
C:\Program Files\dotnet\sdk\7.0.304\Extensions\Microsoft.TestPlatform.TestHostRuntimeProvider.dll
C:\Program Files\dotnet\sdk\7.0.304\Extensions\Microsoft.VisualStudio.TestPlatform.Extensions.Html.TestLogger.dll
C:\Program Files\dotnet\sdk\7.0.304\Extensions\Microsoft.VisualStudio.TestPlatform.Extensions.Trx.TestLogger.dll
TpTrace Information: 0 : 14192, 1, 2023/08/03, 16:25:14.081, 4913558019745, vstest.console.dll, AssemblyResolver.AddSearchDirectories: Adding more searchDirectories C:\Program Files\dotnet\sdk\7.0.304\Extensions,C:\Program Files\dotnet\sdk\7.0.304
TpTrace Information: 0 : 14192, 1, 2023/08/03, 16:25:14.081, 4913558020460, vstest.console.dll, AssemblyResolver.AddSearchDirectories: Adding more searchDirectories C:\Program Files\dotnet\sdk\7.0.304\Extensions,C:\Program Files\dotnet\sdk\7.0.304
TpTrace Information: 0 : 14192, 1, 2023/08/03, 16:25:14.081, 4913558020777, vstest.console.dll, AssemblyResolver.AddSearchDirectories: Adding more searchDirectories C:\Program Files\dotnet\sdk\7.0.304\Extensions,C:\Program Files\dotnet\sdk\7.0.304
TpTrace Information: 0 : 14192, 1, 2023/08/03, 16:25:14.081, 4913558021105, vstest.console.dll, AssemblyResolver.AddSearchDirectories: Adding more searchDirectories C:\Program Files\dotnet\sdk\7.0.304\Extensions,C:\Program Files\dotnet\sdk\7.0.304
TpTrace Information: 0 : 14192, 1, 2023/08/03, 16:25:14.081, 4913558021431, vstest.console.dll, AssemblyResolver.AddSearchDirectories: Adding more searchDirectories C:\Program Files\dotnet\sdk\7.0.304\Extensions,C:\Program Files\dotnet\sdk\7.0.304
TpTrace Information: 0 : 14192, 1, 2023/08/03, 16:25:14.081, 4913558021687, vstest.console.dll, AssemblyResolver.AddSearchDirectories: Adding more searchDirectories C:\Program Files\dotnet\sdk\7.0.304\Extensions,C:\Program Files\dotnet\sdk\7.0.304
TpTrace Information: 0 : 14192, 1, 2023/08/03, 16:25:14.081, 4913558025431, vstest.console.dll, AssemblyResolver.OnResolve: Microsoft.Diagnostics.NETCore.Client: Resolving assembly.
TpTrace Information: 0 : 14192, 1, 2023/08/03, 16:25:14.082, 4913558026244, vstest.console.dll, AssemblyResolver.OnResolve: Microsoft.Diagnostics.NETCore.Client: Searching in: 'C:\Program Files\dotnet\sdk\7.0.304\Extensions'.
TpTrace Information: 0 : 14192, 1, 2023/08/03, 16:25:14.088, 4913558090278, vstest.console.dll, AssemblyResolver.OnResolve: Microsoft.Diagnostics.NETCore.Client: Loading assembly 'C:\Program Files\dotnet\sdk\7.0.304\Extensions\Microsoft.Diagnostics.NETCore.Client.dll'.
TpTrace Information: 0 : 14192, 1, 2023/08/03, 16:25:14.089, 4913558099255, vstest.console.dll, AssemblyResolver.OnResolve: Resolved assembly: Microsoft.Diagnostics.NETCore.Client, from path: C:\Program Files\dotnet\sdk\7.0.304\Extensions\Microsoft.Diagnostics.NETCore.Client.dll
TpTrace Verbose: 0 : 14192, 1, 2023/08/03, 16:25:14.090, 4913558110829, vstest.console.dll, MetadataReaderExtensionsHelper: Discovering extensions inside assembly 'Microsoft.Diagnostics.NETCore.Client, Version=0.2.6.42401, Culture=neutral, PublicKeyToken=31bf3856ad364e35' file path 'C:\Program Files\dotnet\sdk\7.0.304\Extensions\Microsoft.Diagnostics.NETCore.Client.dll'
TpTrace Information: 0 : 14192, 1, 2023/08/03, 16:25:14.094, 4913558149061, vstest.console.dll, AssemblyResolver.OnResolve: Microsoft.Bcl.AsyncInterfaces: Resolving assembly.
TpTrace Information: 0 : 14192, 1, 2023/08/03, 16:25:14.094, 4913558149972, vstest.console.dll, AssemblyResolver.OnResolve: Microsoft.Bcl.AsyncInterfaces: Searching in: 'C:\Program Files\dotnet\sdk\7.0.304\Extensions'.
TpTrace Information: 0 : 14192, 1, 2023/08/03, 16:25:14.094, 4913558150700, vstest.console.dll, AssemblyResolver.OnResolve: Microsoft.Bcl.AsyncInterfaces: Assembly path does not exist: 'C:\Program Files\dotnet\sdk\7.0.304\Extensions\Microsoft.Bcl.AsyncInterfaces.dll', returning.
TpTrace Information: 0 : 14192, 1, 2023/08/03, 16:25:14.094, 4913558151677, vstest.console.dll, AssemblyResolver.OnResolve: Microsoft.Bcl.AsyncInterfaces: Assembly path does not exist: 'C:\Program Files\dotnet\sdk\7.0.304\Extensions\Microsoft.Bcl.AsyncInterfaces.exe', returning.
TpTrace Information: 0 : 14192, 1, 2023/08/03, 16:25:14.094, 4913558151993, vstest.console.dll, AssemblyResolver.OnResolve: Microsoft.Bcl.AsyncInterfaces: Searching in: 'C:\Program Files\dotnet\sdk\7.0.304'.
TpTrace Information: 0 : 14192, 1, 2023/08/03, 16:25:14.094, 4913558152533, vstest.console.dll, AssemblyResolver.OnResolve: Microsoft.Bcl.AsyncInterfaces: Assembly path does not exist: 'C:\Program Files\dotnet\sdk\7.0.304\Microsoft.Bcl.AsyncInterfaces.dll', returning.
TpTrace Information: 0 : 14192, 1, 2023/08/03, 16:25:14.094, 4913558153016, vstest.console.dll, AssemblyResolver.OnResolve: Microsoft.Bcl.AsyncInterfaces: Assembly path does not exist: 'C:\Program Files\dotnet\sdk\7.0.304\Microsoft.Bcl.AsyncInterfaces.exe', returning.
TpTrace Information: 0 : 14192, 1, 2023/08/03, 16:25:14.094, 4913558153310, vstest.console.dll, AssemblyResolver.OnResolve: Microsoft.Bcl.AsyncInterfaces: Failed to load assembly.
TpTrace Verbose: 0 : 14192, 1, 2023/08/03, 16:25:14.094, 4913558153630, vstest.console.dll, CurrentDomainAssemblyResolve: Resolving assembly 'Microsoft.Bcl.AsyncInterfaces'.
TpTrace Information: 0 : 14192, 1, 2023/08/03, 16:25:14.094, 4913558154157, vstest.console.dll, AssemblyResolver.OnResolve: Microsoft.Bcl.AsyncInterfaces: Resolving assembly.
TpTrace Information: 0 : 14192, 1, 2023/08/03, 16:25:14.094, 4913558154508, vstest.console.dll, AssemblyResolver.OnResolve: Microsoft.Bcl.AsyncInterfaces: Resolved from cache.
TpTrace Verbose: 0 : 14192, 1, 2023/08/03, 16:25:14.094, 4913558154749, vstest.console.dll, CurrentDomainAssemblyResolve: Resolving assembly 'Microsoft.Bcl.AsyncInterfaces'.
TpTrace Verbose: 0 : 14192, 1, 2023/08/03, 16:25:14.094, 4913558155041, vstest.console.dll, CurrentDomainAssemblyResolve: Failed to resolve assembly 'Microsoft.Bcl.AsyncInterfaces'.
TpTrace Verbose: 0 : 14192, 1, 2023/08/03, 16:25:14.095, 4913558162392, vstest.console.dll, CurrentDomainAssemblyResolve: Failed to resolve assembly 'Microsoft.Bcl.AsyncInterfaces'.
TpTrace Warning: 0 : 14192, 1, 2023/08/03, 16:25:14.101, 4913558217311, vstest.console.dll, TestPluginDiscoverer: Failed to get types from assembly 'Microsoft.Diagnostics.NETCore.Client, Version=0.2.6.42401, Culture=neutral, PublicKeyToken=31bf3856ad364e35'. Error: System.Reflection.ReflectionTypeLoadException: Unable to load one or more of the requested types.
Could not load file or assembly 'Microsoft.Bcl.AsyncInterfaces, Version=1.0.0.0, Culture=neutral, PublicKeyToken=cc7b13ffcd2ddd51'. The system cannot find the file specified.
   at System.Reflection.RuntimeModule.GetTypes(RuntimeModule module)
   at System.Reflection.Assembly.GetTypes()
   at Microsoft.VisualStudio.TestPlatform.Common.ExtensionFramework.TestPluginDiscoverer.GetTestExtensionsFromAssembly[TPluginInfo,TExtension](Assembly assembly, Dictionary`2 pluginInfos, String filePath)
System.IO.FileNotFoundException: Could not load file or assembly 'Microsoft.Bcl.AsyncInterfaces, Version=1.0.0.0, Culture=neutral, PublicKeyToken=cc7b13ffcd2ddd51'. The system cannot find the file specified.
File name: 'Microsoft.Bcl.AsyncInterfaces, Version=1.0.0.0, Culture=neutral, PublicKeyToken=cc7b13ffcd2ddd51'
 ---> System.IO.FileNotFoundException: Could not load file or assembly 'Microsoft.Bcl.AsyncInterfaces, Culture=neutral, PublicKeyToken=null'. The system cannot find the file specified.
File name: 'Microsoft.Bcl.AsyncInterfaces, Culture=neutral, PublicKeyToken=null'
   at System.Reflection.RuntimeAssembly.InternalLoad(AssemblyName assemblyName, StackCrawlMark& stackMark, AssemblyLoadContext assemblyLoadContext, RuntimeAssembly requestingAssembly, Boolean throwOnFileNotFound)
   at System.Reflection.Assembly.Load(AssemblyName assemblyRef)
   at Microsoft.VisualStudio.TestPlatform.Common.ExtensionFramework.TestPluginCache.CurrentDomainAssemblyResolve(Object sender, AssemblyResolveEventArgs args)
   at System.Runtime.Loader.AssemblyLoadContext.GetFirstResolvedAssemblyFromResolvingEvent(AssemblyName assemblyName)
   at System.Runtime.Loader.AssemblyLoadContext.ResolveUsingEvent(AssemblyName assemblyName)
   at System.Runtime.Loader.AssemblyLoadContext.ResolveUsingResolvingEvent(IntPtr gchManagedAssemblyLoadContext, AssemblyName assemblyName)
TpTrace Warning: 0 : 14192, 1, 2023/08/03, 16:25:14.101, 4913558220862, vstest.console.dll, LoaderExceptions: System.IO.FileNotFoundException: Could not load file or assembly 'Microsoft.Bcl.AsyncInterfaces, Version=1.0.0.0, Culture=neutral, PublicKeyToken=cc7b13ffcd2ddd51'. The system cannot find the file specified.
File name: 'Microsoft.Bcl.AsyncInterfaces, Version=1.0.0.0, Culture=neutral, PublicKeyToken=cc7b13ffcd2ddd51'
 ---> System.IO.FileNotFoundException: Could not load file or assembly 'Microsoft.Bcl.AsyncInterfaces, Culture=neutral, PublicKeyToken=null'. The system cannot find the file specified.
File name: 'Microsoft.Bcl.AsyncInterfaces, Culture=neutral, PublicKeyToken=null'
   at System.Reflection.RuntimeAssembly.InternalLoad(AssemblyName assemblyName, StackCrawlMark& stackMark, AssemblyLoadContext assemblyLoadContext, RuntimeAssembly requestingAssembly, Boolean throwOnFileNotFound)
   at System.Reflection.Assembly.Load(AssemblyName assemblyRef)
   at Microsoft.VisualStudio.TestPlatform.Common.ExtensionFramework.TestPluginCache.CurrentDomainAssemblyResolve(Object sender, AssemblyResolveEventArgs args)
   at System.Runtime.Loader.AssemblyLoadContext.GetFirstResolvedAssemblyFromResolvingEvent(AssemblyName assemblyName)
   at System.Runtime.Loader.AssemblyLoadContext.ResolveUsingEvent(AssemblyName assemblyName)
   at System.Runtime.Loader.AssemblyLoadContext.ResolveUsingResolvingEvent(IntPtr gchManagedAssemblyLoadContext, AssemblyName assemblyName)
TpTrace Information: 0 : 14192, 1, 2023/08/03, 16:25:14.101, 4913558222572, vstest.console.dll, AssemblyResolver.OnResolve: Microsoft.TestPlatform.Extensions.BlameDataCollector: Resolving assembly.
TpTrace Information: 0 : 14192, 1, 2023/08/03, 16:25:14.101, 4913558223033, vstest.console.dll, AssemblyResolver.OnResolve: Microsoft.TestPlatform.Extensions.BlameDataCollector: Searching in: 'C:\Program Files\dotnet\sdk\7.0.304\Extensions'.
TpTrace Information: 0 : 14192, 1, 2023/08/03, 16:25:14.101, 4913558226092, vstest.console.dll, AssemblyResolver.OnResolve: Microsoft.TestPlatform.Extensions.BlameDataCollector: Loading assembly 'C:\Program Files\dotnet\sdk\7.0.304\Extensions\Microsoft.TestPlatform.Extensions.BlameDataCollector.dll'.
TpTrace Information: 0 : 14192, 1, 2023/08/03, 16:25:14.102, 4913558230709, vstest.console.dll, AssemblyResolver.OnResolve: Resolved assembly: Microsoft.TestPlatform.Extensions.BlameDataCollector, from path: C:\Program Files\dotnet\sdk\7.0.304\Extensions\Microsoft.TestPlatform.Extensions.BlameDataCollector.dll
TpTrace Verbose: 0 : 14192, 1, 2023/08/03, 16:25:14.102, 4913558231531, vstest.console.dll, MetadataReaderExtensionsHelper: Discovering extensions inside assembly 'Microsoft.TestPlatform.Extensions.BlameDataCollector, Version=15.0.0.0, Culture=neutral, PublicKeyToken=b03f5f7f11d50a3a' file path 'C:\Program Files\dotnet\sdk\7.0.304\Extensions\Microsoft.TestPlatform.Extensions.BlameDataCollector.dll'
TpTrace Information: 0 : 14192, 1, 2023/08/03, 16:25:14.103, 4913558243921, vstest.console.dll, AssemblyResolver.OnResolve: Microsoft.TestPlatform.Extensions.EventLogCollector: Resolving assembly.
TpTrace Information: 0 : 14192, 1, 2023/08/03, 16:25:14.103, 4913558244700, vstest.console.dll, AssemblyResolver.OnResolve: Microsoft.TestPlatform.Extensions.EventLogCollector: Searching in: 'C:\Program Files\dotnet\sdk\7.0.304\Extensions'.
TpTrace Information: 0 : 14192, 1, 2023/08/03, 16:25:14.104, 4913558249064, vstest.console.dll, AssemblyResolver.OnResolve: Microsoft.TestPlatform.Extensions.EventLogCollector: Loading assembly 'C:\Program Files\dotnet\sdk\7.0.304\Extensions\Microsoft.TestPlatform.Extensions.EventLogCollector.dll'.
TpTrace Information: 0 : 14192, 1, 2023/08/03, 16:25:14.104, 4913558255730, vstest.console.dll, AssemblyResolver.OnResolve: Resolved assembly: Microsoft.TestPlatform.Extensions.EventLogCollector, from path: C:\Program Files\dotnet\sdk\7.0.304\Extensions\Microsoft.TestPlatform.Extensions.EventLogCollector.dll
TpTrace Verbose: 0 : 14192, 1, 2023/08/03, 16:25:14.105, 4913558256735, vstest.console.dll, MetadataReaderExtensionsHelper: Discovering extensions inside assembly 'Microsoft.TestPlatform.Extensions.EventLogCollector, Version=15.0.0.0, Culture=neutral, PublicKeyToken=b03f5f7f11d50a3a' file path 'C:\Program Files\dotnet\sdk\7.0.304\Extensions\Microsoft.TestPlatform.Extensions.EventLogCollector.dll'
TpTrace Information: 0 : 14192, 1, 2023/08/03, 16:25:14.108, 4913558286768, vstest.console.dll, AssemblyResolver.OnResolve: Microsoft.TestPlatform.TestHostRuntimeProvider: Resolving assembly.
TpTrace Information: 0 : 14192, 1, 2023/08/03, 16:25:14.108, 4913558288262, vstest.console.dll, AssemblyResolver.OnResolve: Microsoft.TestPlatform.TestHostRuntimeProvider: Searching in: 'C:\Program Files\dotnet\sdk\7.0.304\Extensions'.
TpTrace Information: 0 : 14192, 1, 2023/08/03, 16:25:14.108, 4913558294520, vstest.console.dll, AssemblyResolver.OnResolve: Microsoft.TestPlatform.TestHostRuntimeProvider: Loading assembly 'C:\Program Files\dotnet\sdk\7.0.304\Extensions\Microsoft.TestPlatform.TestHostRuntimeProvider.dll'.
TpTrace Information: 0 : 14192, 1, 2023/08/03, 16:25:14.109, 4913558301389, vstest.console.dll, AssemblyResolver.OnResolve: Resolved assembly: Microsoft.TestPlatform.TestHostRuntimeProvider, from path: C:\Program Files\dotnet\sdk\7.0.304\Extensions\Microsoft.TestPlatform.TestHostRuntimeProvider.dll
TpTrace Verbose: 0 : 14192, 1, 2023/08/03, 16:25:14.109, 4913558302569, vstest.console.dll, MetadataReaderExtensionsHelper: Discovering extensions inside assembly 'Microsoft.TestPlatform.TestHostRuntimeProvider, Version=15.0.0.0, Culture=neutral, PublicKeyToken=b03f5f7f11d50a3a' file path 'C:\Program Files\dotnet\sdk\7.0.304\Extensions\Microsoft.TestPlatform.TestHostRuntimeProvider.dll'
TpTrace Information: 0 : 14192, 1, 2023/08/03, 16:25:14.111, 4913558324920, vstest.console.dll, GetTestExtensionFromType: Register extension with identifier data 'HostProvider://DefaultTestHost' and type 'Microsoft.VisualStudio.TestPlatform.CrossPlatEngine.Hosting.DefaultTestHostManager, Microsoft.TestPlatform.TestHostRuntimeProvider, Version=15.0.0.0, Culture=neutral, PublicKeyToken=b03f5f7f11d50a3a' inside file 'C:\Program Files\dotnet\sdk\7.0.304\Extensions\Microsoft.TestPlatform.TestHostRuntimeProvider.dll'
TpTrace Information: 0 : 14192, 1, 2023/08/03, 16:25:14.112, 4913558328236, vstest.console.dll, GetTestExtensionFromType: Register extension with identifier data 'HostProvider://DotnetTestHost' and type 'Microsoft.VisualStudio.TestPlatform.CrossPlatEngine.Hosting.DotnetTestHostManager, Microsoft.TestPlatform.TestHostRuntimeProvider, Version=15.0.0.0, Culture=neutral, PublicKeyToken=b03f5f7f11d50a3a' inside file 'C:\Program Files\dotnet\sdk\7.0.304\Extensions\Microsoft.TestPlatform.TestHostRuntimeProvider.dll'
TpTrace Information: 0 : 14192, 1, 2023/08/03, 16:25:14.112, 4913558329565, vstest.console.dll, AssemblyResolver.OnResolve: Microsoft.VisualStudio.TestPlatform.Extensions.Html.TestLogger: Resolving assembly.
TpTrace Information: 0 : 14192, 1, 2023/08/03, 16:25:14.112, 4913558330386, vstest.console.dll, AssemblyResolver.OnResolve: Microsoft.VisualStudio.TestPlatform.Extensions.Html.TestLogger: Searching in: 'C:\Program Files\dotnet\sdk\7.0.304\Extensions'.
TpTrace Information: 0 : 14192, 1, 2023/08/03, 16:25:14.112, 4913558334238, vstest.console.dll, AssemblyResolver.OnResolve: Microsoft.VisualStudio.TestPlatform.Extensions.Html.TestLogger: Loading assembly 'C:\Program Files\dotnet\sdk\7.0.304\Extensions\Microsoft.VisualStudio.TestPlatform.Extensions.Html.TestLogger.dll'.
TpTrace Information: 0 : 14192, 1, 2023/08/03, 16:25:14.113, 4913558340227, vstest.console.dll, AssemblyResolver.OnResolve: Resolved assembly: Microsoft.VisualStudio.TestPlatform.Extensions.Html.TestLogger, from path: C:\Program Files\dotnet\sdk\7.0.304\Extensions\Microsoft.VisualStudio.TestPlatform.Extensions.Html.TestLogger.dll
TpTrace Verbose: 0 : 14192, 1, 2023/08/03, 16:25:14.113, 4913558341323, vstest.console.dll, MetadataReaderExtensionsHelper: Discovering extensions inside assembly 'Microsoft.VisualStudio.TestPlatform.Extensions.Html.TestLogger, Version=15.0.0.0, Culture=neutral, PublicKeyToken=b03f5f7f11d50a3a' file path 'C:\Program Files\dotnet\sdk\7.0.304\Extensions\Microsoft.VisualStudio.TestPlatform.Extensions.Html.TestLogger.dll'
TpTrace Information: 0 : 14192, 1, 2023/08/03, 16:25:14.115, 4913558360535, vstest.console.dll, AssemblyResolver.OnResolve: Microsoft.VisualStudio.TestPlatform.Extensions.Trx.TestLogger: Resolving assembly.
TpTrace Information: 0 : 14192, 1, 2023/08/03, 16:25:14.115, 4913558362103, vstest.console.dll, AssemblyResolver.OnResolve: Microsoft.VisualStudio.TestPlatform.Extensions.Trx.TestLogger: Searching in: 'C:\Program Files\dotnet\sdk\7.0.304\Extensions'.
TpTrace Information: 0 : 14192, 1, 2023/08/03, 16:25:14.116, 4913558367525, vstest.console.dll, AssemblyResolver.OnResolve: Microsoft.VisualStudio.TestPlatform.Extensions.Trx.TestLogger: Loading assembly 'C:\Program Files\dotnet\sdk\7.0.304\Extensions\Microsoft.VisualStudio.TestPlatform.Extensions.Trx.TestLogger.dll'.
TpTrace Information: 0 : 14192, 1, 2023/08/03, 16:25:14.116, 4913558374650, vstest.console.dll, AssemblyResolver.OnResolve: Resolved assembly: Microsoft.VisualStudio.TestPlatform.Extensions.Trx.TestLogger, from path: C:\Program Files\dotnet\sdk\7.0.304\Extensions\Microsoft.VisualStudio.TestPlatform.Extensions.Trx.TestLogger.dll
TpTrace Verbose: 0 : 14192, 1, 2023/08/03, 16:25:14.116, 4913558375881, vstest.console.dll, MetadataReaderExtensionsHelper: Discovering extensions inside assembly 'Microsoft.VisualStudio.TestPlatform.Extensions.Trx.TestLogger, Version=15.0.0.0, Culture=neutral, PublicKeyToken=b03f5f7f11d50a3a' file path 'C:\Program Files\dotnet\sdk\7.0.304\Extensions\Microsoft.VisualStudio.TestPlatform.Extensions.Trx.TestLogger.dll'
TpTrace Verbose: 0 : 14192, 1, 2023/08/03, 16:25:14.118, 4913558388018, vstest.console.dll, TestPluginCache: Discovered the extensions using extension path ''.
TpTrace Verbose: 0 : 14192, 1, 2023/08/03, 16:25:14.118, 4913558388994, vstest.console.dll, TestPluginCache: Discoverers are ''.
TpTrace Verbose: 0 : 14192, 1, 2023/08/03, 16:25:14.118, 4913558389393, vstest.console.dll, TestPluginCache: Executors are ''.
TpTrace Verbose: 0 : 14192, 1, 2023/08/03, 16:25:14.118, 4913558389726, vstest.console.dll, TestPluginCache: Executors2 are ''.
TpTrace Verbose: 0 : 14192, 1, 2023/08/03, 16:25:14.118, 4913558390342, vstest.console.dll, TestPluginCache: Setting providers are ''.
TpTrace Verbose: 0 : 14192, 1, 2023/08/03, 16:25:14.118, 4913558390896, vstest.console.dll, TestPluginCache: Loggers are ''.
TpTrace Verbose: 0 : 14192, 1, 2023/08/03, 16:25:14.118, 4913558392704, vstest.console.dll, TestPluginCache: TestHosts are 'HostProvider://DefaultTestHost,HostProvider://DotnetTestHost'.
TpTrace Verbose: 0 : 14192, 1, 2023/08/03, 16:25:14.118, 4913558393220, vstest.console.dll, TestPluginCache: DataCollectors are ''.
TpTrace Information: 0 : 14192, 1, 2023/08/03, 16:25:14.131, 4913558519657, vstest.console.dll, RunTestsArgumentProcessor:Execute: Test run is starting.
TpTrace Verbose: 0 : 14192, 1, 2023/08/03, 16:25:14.131, 4913558520896, vstest.console.dll, RunTestsArgumentProcessor:Execute: Queuing Test run.
TpTrace Information: 0 : 14192, 1, 2023/08/03, 16:25:14.131, 4913558523610, vstest.console.dll, TestRequestManager.RunTests: run tests started.
TpTrace Information: 0 : 14192, 1, 2023/08/03, 16:25:14.140, 4913558614428, vstest.console.dll, AssemblyMetadataProvider.GetFrameworkName: Determined framework:'.NETCoreApp,Version=v7.0' for source: 'C:\Repo\ParcelCostCalculation\ParcelCostCalculation.Test\bin\Debug\net7.0\fine-code-coverage\build-output\ParcelCostCalculation.Test.dll'
TpTrace Information: 0 : 14192, 1, 2023/08/03, 16:25:14.141, 4913558617340, vstest.console.dll, Determined framework for all sources: .NETCoreApp,Version=v7.0
TpTrace Verbose: 0 : 14192, 1, 2023/08/03, 16:25:14.141, 4913558621650, vstest.console.dll, TestRequestManager.UpdateRunSettingsIfRequired: Default architecture: X64 IsDefaultTargetArchitecture: True, Current process architecture: X64 OperatingSystem: Windows.
TpTrace Information: 0 : 14192, 1, 2023/08/03, 16:25:14.143, 4913558640767, vstest.console.dll, AssemblyMetadataProvider.GetArchitecture: Determined architecture:AnyCPU info for assembly: C:\Repo\ParcelCostCalculation\ParcelCostCalculation.Test\bin\Debug\net7.0\fine-code-coverage\build-output\ParcelCostCalculation.Test.dll
TpTrace Information: 0 : 14192, 1, 2023/08/03, 16:25:14.143, 4913558641401, vstest.console.dll, Determined platform for source 'C:\Repo\ParcelCostCalculation\ParcelCostCalculation.Test\bin\Debug\net7.0\fine-code-coverage\build-output\ParcelCostCalculation.Test.dll' was AnyCPU and it will use the default plaform X64.
TpTrace Information: 0 : 14192, 1, 2023/08/03, 16:25:14.143, 4913558641734, vstest.console.dll, None of the sources provided any runnable platform, using the default platform: X64
TpTrace Information: 0 : 14192, 1, 2023/08/03, 16:25:14.143, 4913558642703, vstest.console.dll, Platform was updated to 'X64'.
TpTrace Information: 0 : 14192, 1, 2023/08/03, 16:25:14.146, 4913558669934, vstest.console.dll, InferRunSettingsHelper.IsTestSettingsEnabled: Unable to navigate to RunSettings/MSTest. Current node: RunSettings
TpTrace Information: 0 : 14192, 1, 2023/08/03, 16:25:14.146, 4913558675720, vstest.console.dll, AssemblyResolver.OnResolve: Microsoft.VisualStudio.TestPlatform.Fakes: Resolving assembly.
TpTrace Information: 0 : 14192, 1, 2023/08/03, 16:25:14.147, 4913558676359, vstest.console.dll, AssemblyResolver.OnResolve: Microsoft.VisualStudio.TestPlatform.Fakes: Searching in: 'C:\Program Files\dotnet\sdk\7.0.304\Extensions'.
TpTrace Information: 0 : 14192, 1, 2023/08/03, 16:25:14.147, 4913558677461, vstest.console.dll, AssemblyResolver.OnResolve: Microsoft.VisualStudio.TestPlatform.Fakes: Assembly path does not exist: 'C:\Program Files\dotnet\sdk\7.0.304\Extensions\Microsoft.VisualStudio.TestPlatform.Fakes.dll', returning.
TpTrace Information: 0 : 14192, 1, 2023/08/03, 16:25:14.147, 4913558678099, vstest.console.dll, AssemblyResolver.OnResolve: Microsoft.VisualStudio.TestPlatform.Fakes: Assembly path does not exist: 'C:\Program Files\dotnet\sdk\7.0.304\Extensions\Microsoft.VisualStudio.TestPlatform.Fakes.exe', returning.
TpTrace Information: 0 : 14192, 1, 2023/08/03, 16:25:14.147, 4913558678568, vstest.console.dll, AssemblyResolver.OnResolve: Microsoft.VisualStudio.TestPlatform.Fakes: Searching in: 'C:\Program Files\dotnet\sdk\7.0.304'.
TpTrace Information: 0 : 14192, 1, 2023/08/03, 16:25:14.147, 4913558679324, vstest.console.dll, AssemblyResolver.OnResolve: Microsoft.VisualStudio.TestPlatform.Fakes: Assembly path does not exist: 'C:\Program Files\dotnet\sdk\7.0.304\Microsoft.VisualStudio.TestPlatform.Fakes.dll', returning.
TpTrace Information: 0 : 14192, 1, 2023/08/03, 16:25:14.147, 4913558679814, vstest.console.dll, AssemblyResolver.OnResolve: Microsoft.VisualStudio.TestPlatform.Fakes: Assembly path does not exist: 'C:\Program Files\dotnet\sdk\7.0.304\Microsoft.VisualStudio.TestPlatform.Fakes.exe', returning.
TpTrace Information: 0 : 14192, 1, 2023/08/03, 16:25:14.147, 4913558680230, vstest.console.dll, AssemblyResolver.OnResolve: Microsoft.VisualStudio.TestPlatform.Fakes: Failed to load assembly.
TpTrace Information: 0 : 14192, 1, 2023/08/03, 16:25:14.147, 4913558682661, vstest.console.dll, Failed to load assembly Microsoft.VisualStudio.TestPlatform.Fakes, Version=17.0.0.0, Culture=neutral. Reason:System.IO.FileNotFoundException: Could not load file or assembly 'Microsoft.VisualStudio.TestPlatform.Fakes, Version=17.0.0.0, Culture=neutral, PublicKeyToken=null'. The system cannot find the file specified.
File name: 'Microsoft.VisualStudio.TestPlatform.Fakes, Version=17.0.0.0, Culture=neutral, PublicKeyToken=null'
   at System.Reflection.RuntimeAssembly.InternalLoad(AssemblyName assemblyName, StackCrawlMark& stackMark, AssemblyLoadContext assemblyLoadContext, RuntimeAssembly requestingAssembly, Boolean throwOnFileNotFound)
   at System.Reflection.Assembly.Load(AssemblyName assemblyRef)
   at Microsoft.VisualStudio.TestPlatform.Common.Utilities.FakesUtilities.LoadTestPlatformAssembly()
TpTrace Verbose: 0 : 14192, 1, 2023/08/03, 16:25:14.150, 4913558713463, vstest.console.dll, TestPluginCache.DiscoverTestExtensions: finding test extensions in assemblies ends with: TestLogger.dll TPluginInfo: Microsoft.VisualStudio.TestPlatform.Common.ExtensionFramework.Utilities.TestLoggerPluginInformation TExtension: Microsoft.VisualStudio.TestPlatform.ObjectModel.Client.ITestLogger
TpTrace Verbose: 0 : 14192, 1, 2023/08/03, 16:25:14.150, 4913558714692, vstest.console.dll, TestPluginCache.GetExtensionPaths: Filtered extension paths: 
TpTrace Verbose: 0 : 14192, 1, 2023/08/03, 16:25:14.150, 4913558715230, vstest.console.dll, TestPluginCache.GetExtensionPaths: Added default extension paths: C:\Program Files\dotnet\sdk\7.0.304\Extensions\Microsoft.Diagnostics.NETCore.Client.dll
C:\Program Files\dotnet\sdk\7.0.304\Extensions\Microsoft.TestPlatform.Extensions.BlameDataCollector.dll
C:\Program Files\dotnet\sdk\7.0.304\Extensions\Microsoft.TestPlatform.Extensions.EventLogCollector.dll
C:\Program Files\dotnet\sdk\7.0.304\Extensions\Microsoft.TestPlatform.TestHostRuntimeProvider.dll
C:\Program Files\dotnet\sdk\7.0.304\Extensions\Microsoft.VisualStudio.TestPlatform.Extensions.Html.TestLogger.dll
C:\Program Files\dotnet\sdk\7.0.304\Extensions\Microsoft.VisualStudio.TestPlatform.Extensions.Trx.TestLogger.dll
TpTrace Verbose: 0 : 14192, 1, 2023/08/03, 16:25:14.150, 4913558715529, vstest.console.dll, TestPluginCache.GetExtensionPaths: Added unfilterableExtensionPaths: 
TpTrace Information: 0 : 14192, 1, 2023/08/03, 16:25:14.151, 4913558716935, vstest.console.dll, AssemblyResolver.AddSearchDirectories: Adding more searchDirectories C:\Program Files\dotnet\sdk\7.0.304\Extensions,C:\Program Files\dotnet\sdk\7.0.304
TpTrace Verbose: 0 : 14192, 1, 2023/08/03, 16:25:14.151, 4913558717385, vstest.console.dll, TestPluginCache.DiscoverTestExtensions: Discovering the extensions using extension path.
TpTrace Verbose: 0 : 14192, 1, 2023/08/03, 16:25:14.151, 4913558717868, vstest.console.dll, TestPluginCache.GetExtensionPaths: Filtered extension paths: 
TpTrace Verbose: 0 : 14192, 1, 2023/08/03, 16:25:14.151, 4913558718166, vstest.console.dll, TestPluginCache.GetExtensionPaths: Added default extension paths: C:\Program Files\dotnet\sdk\7.0.304\Extensions\Microsoft.Diagnostics.NETCore.Client.dll
C:\Program Files\dotnet\sdk\7.0.304\Extensions\Microsoft.TestPlatform.Extensions.BlameDataCollector.dll
C:\Program Files\dotnet\sdk\7.0.304\Extensions\Microsoft.TestPlatform.Extensions.EventLogCollector.dll
C:\Program Files\dotnet\sdk\7.0.304\Extensions\Microsoft.TestPlatform.TestHostRuntimeProvider.dll
C:\Program Files\dotnet\sdk\7.0.304\Extensions\Microsoft.VisualStudio.TestPlatform.Extensions.Html.TestLogger.dll
C:\Program Files\dotnet\sdk\7.0.304\Extensions\Microsoft.VisualStudio.TestPlatform.Extensions.Trx.TestLogger.dll
TpTrace Verbose: 0 : 14192, 1, 2023/08/03, 16:25:14.151, 4913558718433, vstest.console.dll, TestPluginCache.GetExtensionPaths: Added unfilterableExtensionPaths: 
TpTrace Verbose: 0 : 14192, 1, 2023/08/03, 16:25:14.151, 4913558718875, vstest.console.dll, TestPluginCache.DiscoverTestExtensions: Discovering the extensions using allExtensionPaths: C:\Program Files\dotnet\sdk\7.0.304\Extensions\Microsoft.Diagnostics.NETCore.Client.dll
C:\Program Files\dotnet\sdk\7.0.304\Extensions\Microsoft.TestPlatform.Extensions.BlameDataCollector.dll
C:\Program Files\dotnet\sdk\7.0.304\Extensions\Microsoft.TestPlatform.Extensions.EventLogCollector.dll
C:\Program Files\dotnet\sdk\7.0.304\Extensions\Microsoft.TestPlatform.TestHostRuntimeProvider.dll
C:\Program Files\dotnet\sdk\7.0.304\Extensions\Microsoft.VisualStudio.TestPlatform.Extensions.Html.TestLogger.dll
C:\Program Files\dotnet\sdk\7.0.304\Extensions\Microsoft.VisualStudio.TestPlatform.Extensions.Trx.TestLogger.dll
TpTrace Information: 0 : 14192, 1, 2023/08/03, 16:25:14.151, 4913558719948, vstest.console.dll, AssemblyResolver.AddSearchDirectories: Adding more searchDirectories C:\Program Files\dotnet\sdk\7.0.304\Extensions,C:\Program Files\dotnet\sdk\7.0.304
TpTrace Information: 0 : 14192, 1, 2023/08/03, 16:25:14.151, 4913558720339, vstest.console.dll, AssemblyResolver.AddSearchDirectories: Adding more searchDirectories C:\Program Files\dotnet\sdk\7.0.304\Extensions,C:\Program Files\dotnet\sdk\7.0.304
TpTrace Information: 0 : 14192, 1, 2023/08/03, 16:25:14.151, 4913558720623, vstest.console.dll, AssemblyResolver.AddSearchDirectories: Adding more searchDirectories C:\Program Files\dotnet\sdk\7.0.304\Extensions,C:\Program Files\dotnet\sdk\7.0.304
TpTrace Information: 0 : 14192, 1, 2023/08/03, 16:25:14.151, 4913558721006, vstest.console.dll, AssemblyResolver.AddSearchDirectories: Adding more searchDirectories C:\Program Files\dotnet\sdk\7.0.304\Extensions,C:\Program Files\dotnet\sdk\7.0.304
TpTrace Information: 0 : 14192, 1, 2023/08/03, 16:25:14.151, 4913558721338, vstest.console.dll, AssemblyResolver.AddSearchDirectories: Adding more searchDirectories C:\Program Files\dotnet\sdk\7.0.304\Extensions,C:\Program Files\dotnet\sdk\7.0.304
TpTrace Information: 0 : 14192, 1, 2023/08/03, 16:25:14.151, 4913558721621, vstest.console.dll, AssemblyResolver.AddSearchDirectories: Adding more searchDirectories C:\Program Files\dotnet\sdk\7.0.304\Extensions,C:\Program Files\dotnet\sdk\7.0.304
TpTrace Verbose: 0 : 14192, 1, 2023/08/03, 16:25:14.151, 4913558722943, vstest.console.dll, MetadataReaderExtensionsHelper: Discovering extensions inside assembly 'Microsoft.Diagnostics.NETCore.Client, Version=0.2.6.42401, Culture=neutral, PublicKeyToken=31bf3856ad364e35' file path 'C:\Program Files\dotnet\sdk\7.0.304\Extensions\Microsoft.Diagnostics.NETCore.Client.dll'
TpTrace Information: 0 : 14192, 1, 2023/08/03, 16:25:14.152, 4913558732833, vstest.console.dll, AssemblyResolver.OnResolve: Microsoft.Bcl.AsyncInterfaces: Resolving assembly.
TpTrace Information: 0 : 14192, 1, 2023/08/03, 16:25:14.152, 4913558734313, vstest.console.dll, AssemblyResolver.OnResolve: Microsoft.Bcl.AsyncInterfaces: Resolved from cache.
TpTrace Verbose: 0 : 14192, 1, 2023/08/03, 16:25:14.152, 4913558734701, vstest.console.dll, CurrentDomainAssemblyResolve: Resolving assembly 'Microsoft.Bcl.AsyncInterfaces'.
TpTrace Information: 0 : 14192, 1, 2023/08/03, 16:25:14.152, 4913558735624, vstest.console.dll, AssemblyResolver.OnResolve: Microsoft.Bcl.AsyncInterfaces: Resolving assembly.
TpTrace Information: 0 : 14192, 1, 2023/08/03, 16:25:14.152, 4913558735908, vstest.console.dll, AssemblyResolver.OnResolve: Microsoft.Bcl.AsyncInterfaces: Resolved from cache.
TpTrace Verbose: 0 : 14192, 1, 2023/08/03, 16:25:14.153, 4913558736228, vstest.console.dll, CurrentDomainAssemblyResolve: Resolving assembly 'Microsoft.Bcl.AsyncInterfaces'.
TpTrace Verbose: 0 : 14192, 1, 2023/08/03, 16:25:14.153, 4913558736624, vstest.console.dll, CurrentDomainAssemblyResolve: Failed to resolve assembly 'Microsoft.Bcl.AsyncInterfaces'.
TpTrace Verbose: 0 : 14192, 1, 2023/08/03, 16:25:14.153, 4913558738664, vstest.console.dll, CurrentDomainAssemblyResolve: Failed to resolve assembly 'Microsoft.Bcl.AsyncInterfaces'.
TpTrace Warning: 0 : 14192, 1, 2023/08/03, 16:25:14.153, 4913558742396, vstest.console.dll, TestPluginDiscoverer: Failed to get types from assembly 'Microsoft.Diagnostics.NETCore.Client, Version=0.2.6.42401, Culture=neutral, PublicKeyToken=31bf3856ad364e35'. Error: System.Reflection.ReflectionTypeLoadException: Unable to load one or more of the requested types.
Could not load file or assembly 'Microsoft.Bcl.AsyncInterfaces, Version=1.0.0.0, Culture=neutral, PublicKeyToken=cc7b13ffcd2ddd51'. The system cannot find the file specified.
   at System.Reflection.RuntimeModule.GetTypes(RuntimeModule module)
   at System.Reflection.Assembly.GetTypes()
   at Microsoft.VisualStudio.TestPlatform.Common.ExtensionFramework.TestPluginDiscoverer.GetTestExtensionsFromAssembly[TPluginInfo,TExtension](Assembly assembly, Dictionary`2 pluginInfos, String filePath)
System.IO.FileNotFoundException: Could not load file or assembly 'Microsoft.Bcl.AsyncInterfaces, Version=1.0.0.0, Culture=neutral, PublicKeyToken=cc7b13ffcd2ddd51'. The system cannot find the file specified.
File name: 'Microsoft.Bcl.AsyncInterfaces, Version=1.0.0.0, Culture=neutral, PublicKeyToken=cc7b13ffcd2ddd51'
 ---> System.IO.FileNotFoundException: Could not load file or assembly 'Microsoft.Bcl.AsyncInterfaces, Culture=neutral, PublicKeyToken=null'. The system cannot find the file specified.
File name: 'Microsoft.Bcl.AsyncInterfaces, Culture=neutral, PublicKeyToken=null'
   at System.Reflection.RuntimeAssembly.InternalLoad(AssemblyName assemblyName, StackCrawlMark& stackMark, AssemblyLoadContext assemblyLoadContext, RuntimeAssembly requestingAssembly, Boolean throwOnFileNotFound)
   at System.Reflection.Assembly.Load(AssemblyName assemblyRef)
   at Microsoft.VisualStudio.TestPlatform.Common.ExtensionFramework.TestPluginCache.CurrentDomainAssemblyResolve(Object sender, AssemblyResolveEventArgs args)
   at System.Runtime.Loader.AssemblyLoadContext.GetFirstResolvedAssemblyFromResolvingEvent(AssemblyName assemblyName)
   at System.Runtime.Loader.AssemblyLoadContext.ResolveUsingEvent(AssemblyName assemblyName)
   at System.Runtime.Loader.AssemblyLoadContext.ResolveUsingResolvingEvent(IntPtr gchManagedAssemblyLoadContext, AssemblyName assemblyName)
TpTrace Warning: 0 : 14192, 1, 2023/08/03, 16:25:14.153, 4913558744762, vstest.console.dll, LoaderExceptions: System.IO.FileNotFoundException: Could not load file or assembly 'Microsoft.Bcl.AsyncInterfaces, Version=1.0.0.0, Culture=neutral, PublicKeyToken=cc7b13ffcd2ddd51'. The system cannot find the file specified.
File name: 'Microsoft.Bcl.AsyncInterfaces, Version=1.0.0.0, Culture=neutral, PublicKeyToken=cc7b13ffcd2ddd51'
 ---> System.IO.FileNotFoundException: Could not load file or assembly 'Microsoft.Bcl.AsyncInterfaces, Culture=neutral, PublicKeyToken=null'. The system cannot find the file specified.
File name: 'Microsoft.Bcl.AsyncInterfaces, Culture=neutral, PublicKeyToken=null'
   at System.Reflection.RuntimeAssembly.InternalLoad(AssemblyName assemblyName, StackCrawlMark& stackMark, AssemblyLoadContext assemblyLoadContext, RuntimeAssembly requestingAssembly, Boolean throwOnFileNotFound)
   at System.Reflection.Assembly.Load(AssemblyName assemblyRef)
   at Microsoft.VisualStudio.TestPlatform.Common.ExtensionFramework.TestPluginCache.CurrentDomainAssemblyResolve(Object sender, AssemblyResolveEventArgs args)
   at System.Runtime.Loader.AssemblyLoadContext.GetFirstResolvedAssemblyFromResolvingEvent(AssemblyName assemblyName)
   at System.Runtime.Loader.AssemblyLoadContext.ResolveUsingEvent(AssemblyName assemblyName)
   at System.Runtime.Loader.AssemblyLoadContext.ResolveUsingResolvingEvent(IntPtr gchManagedAssemblyLoadContext, AssemblyName assemblyName)
TpTrace Verbose: 0 : 14192, 1, 2023/08/03, 16:25:14.154, 4913558746206, vstest.console.dll, MetadataReaderExtensionsHelper: Discovering extensions inside assembly 'Microsoft.TestPlatform.Extensions.BlameDataCollector, Version=15.0.0.0, Culture=neutral, PublicKeyToken=b03f5f7f11d50a3a' file path 'C:\Program Files\dotnet\sdk\7.0.304\Extensions\Microsoft.TestPlatform.Extensions.BlameDataCollector.dll'
TpTrace Information: 0 : 14192, 1, 2023/08/03, 16:25:14.154, 4913558751454, vstest.console.dll, GetTestExtensionFromType: Register extension with identifier data 'logger://Microsoft/TestPlatform/Extensions/Blame/v1' and type 'Microsoft.TestPlatform.Extensions.BlameDataCollector.BlameLogger, Microsoft.TestPlatform.Extensions.BlameDataCollector, Version=15.0.0.0, Culture=neutral, PublicKeyToken=b03f5f7f11d50a3a' inside file 'C:\Program Files\dotnet\sdk\7.0.304\Extensions\Microsoft.TestPlatform.Extensions.BlameDataCollector.dll'
TpTrace Verbose: 0 : 14192, 1, 2023/08/03, 16:25:14.154, 4913558752572, vstest.console.dll, MetadataReaderExtensionsHelper: Discovering extensions inside assembly 'Microsoft.TestPlatform.Extensions.EventLogCollector, Version=15.0.0.0, Culture=neutral, PublicKeyToken=b03f5f7f11d50a3a' file path 'C:\Program Files\dotnet\sdk\7.0.304\Extensions\Microsoft.TestPlatform.Extensions.EventLogCollector.dll'
TpTrace Verbose: 0 : 14192, 1, 2023/08/03, 16:25:14.154, 4913558755964, vstest.console.dll, MetadataReaderExtensionsHelper: Discovering extensions inside assembly 'Microsoft.TestPlatform.TestHostRuntimeProvider, Version=15.0.0.0, Culture=neutral, PublicKeyToken=b03f5f7f11d50a3a' file path 'C:\Program Files\dotnet\sdk\7.0.304\Extensions\Microsoft.TestPlatform.TestHostRuntimeProvider.dll'
TpTrace Verbose: 0 : 14192, 1, 2023/08/03, 16:25:14.155, 4913558759123, vstest.console.dll, MetadataReaderExtensionsHelper: Discovering extensions inside assembly 'Microsoft.VisualStudio.TestPlatform.Extensions.Html.TestLogger, Version=15.0.0.0, Culture=neutral, PublicKeyToken=b03f5f7f11d50a3a' file path 'C:\Program Files\dotnet\sdk\7.0.304\Extensions\Microsoft.VisualStudio.TestPlatform.Extensions.Html.TestLogger.dll'
TpTrace Information: 0 : 14192, 1, 2023/08/03, 16:25:14.155, 4913558764186, vstest.console.dll, GetTestExtensionFromType: Register extension with identifier data 'logger://Microsoft/TestPlatform/HtmlLogger/v1' and type 'Microsoft.VisualStudio.TestPlatform.Extensions.HtmlLogger.HtmlLogger, Microsoft.VisualStudio.TestPlatform.Extensions.Html.TestLogger, Version=15.0.0.0, Culture=neutral, PublicKeyToken=b03f5f7f11d50a3a' inside file 'C:\Program Files\dotnet\sdk\7.0.304\Extensions\Microsoft.VisualStudio.TestPlatform.Extensions.Html.TestLogger.dll'
TpTrace Verbose: 0 : 14192, 1, 2023/08/03, 16:25:14.155, 4913558764895, vstest.console.dll, MetadataReaderExtensionsHelper: Discovering extensions inside assembly 'Microsoft.VisualStudio.TestPlatform.Extensions.Trx.TestLogger, Version=15.0.0.0, Culture=neutral, PublicKeyToken=b03f5f7f11d50a3a' file path 'C:\Program Files\dotnet\sdk\7.0.304\Extensions\Microsoft.VisualStudio.TestPlatform.Extensions.Trx.TestLogger.dll'
TpTrace Information: 0 : 14192, 1, 2023/08/03, 16:25:14.156, 4913558768630, vstest.console.dll, GetTestExtensionFromType: Register extension with identifier data 'logger://Microsoft/TestPlatform/TrxLogger/v1' and type 'Microsoft.VisualStudio.TestPlatform.Extensions.TrxLogger.TrxLogger, Microsoft.VisualStudio.TestPlatform.Extensions.Trx.TestLogger, Version=15.0.0.0, Culture=neutral, PublicKeyToken=b03f5f7f11d50a3a' inside file 'C:\Program Files\dotnet\sdk\7.0.304\Extensions\Microsoft.VisualStudio.TestPlatform.Extensions.Trx.TestLogger.dll'
TpTrace Verbose: 0 : 14192, 1, 2023/08/03, 16:25:14.156, 4913558769451, vstest.console.dll, TestPluginCache: Discovered the extensions using extension path ''.
TpTrace Verbose: 0 : 14192, 1, 2023/08/03, 16:25:14.156, 4913558769816, vstest.console.dll, TestPluginCache: Discoverers are ''.
TpTrace Verbose: 0 : 14192, 1, 2023/08/03, 16:25:14.156, 4913558770208, vstest.console.dll, TestPluginCache: Executors are ''.
TpTrace Verbose: 0 : 14192, 1, 2023/08/03, 16:25:14.156, 4913558770432, vstest.console.dll, TestPluginCache: Executors2 are ''.
TpTrace Verbose: 0 : 14192, 1, 2023/08/03, 16:25:14.156, 4913558770784, vstest.console.dll, TestPluginCache: Setting providers are ''.
TpTrace Verbose: 0 : 14192, 1, 2023/08/03, 16:25:14.156, 4913558771831, vstest.console.dll, TestPluginCache: Loggers are 'logger://Microsoft/TestPlatform/Extensions/Blame/v1,logger://Microsoft/TestPlatform/HtmlLogger/v1,logger://Microsoft/TestPlatform/TrxLogger/v1'.
TpTrace Verbose: 0 : 14192, 1, 2023/08/03, 16:25:14.156, 4913558772336, vstest.console.dll, TestPluginCache: TestHosts are 'HostProvider://DefaultTestHost,HostProvider://DotnetTestHost'.
TpTrace Verbose: 0 : 14192, 1, 2023/08/03, 16:25:14.156, 4913558772612, vstest.console.dll, TestPluginCache: DataCollectors are ''.
TpTrace Information: 0 : 14192, 1, 2023/08/03, 16:25:14.157, 4913558780497, vstest.console.dll, TestPluginManager.CreateTestExtension: Attempting to load test extension: Microsoft.TestPlatform.Extensions.BlameDataCollector.BlameLogger
TpTrace Verbose: 0 : 14192, 1, 2023/08/03, 16:25:14.163, 4913558842957, vstest.console.dll, TestEngine: Initializing Parallel Execution as MaxCpuCount is set to: 1
TpTrace Information: 0 : 14192, 1, 2023/08/03, 16:25:14.165, 4913558857803, vstest.console.dll, TestPluginManager.CreateTestExtension: Attempting to load test extension: Microsoft.VisualStudio.TestPlatform.CrossPlatEngine.Hosting.DefaultTestHostManager
TpTrace Information: 0 : 14192, 1, 2023/08/03, 16:25:14.166, 4913558867800, vstest.console.dll, TestPluginManager.CreateTestExtension: Attempting to load test extension: Microsoft.VisualStudio.TestPlatform.CrossPlatEngine.Hosting.DotnetTestHostManager
TpTrace Information: 0 : 14192, 1, 2023/08/03, 16:25:14.166, 4913558873748, vstest.console.dll, InferRunSettingsHelper.IsTestSettingsEnabled: Unable to navigate to RunSettings/MSTest. Current node: RunSettings
TpTrace Verbose: 0 : 14192, 1, 2023/08/03, 16:25:14.172, 4913558929298, vstest.console.dll, TestEngine.GetExecutionManager: Chosen execution manager 'Microsoft.VisualStudio.TestPlatform.CrossPlatEngine.Client.Parallel.ParallelProxyExecutionManager, Microsoft.TestPlatform.CrossPlatEngine, Version=15.0.0.0, Culture=neutral, PublicKeyToken=b03f5f7f11d50a3a' ParallelLevel '1'.
TpTrace Verbose: 0 : 14192, 1, 2023/08/03, 16:25:14.172, 4913558931738, vstest.console.dll, TestRunRequest.ExecuteAsync: Creating test run request.
TpTrace Verbose: 0 : 14192, 1, 2023/08/03, 16:25:14.172, 4913558934249, vstest.console.dll, TestRunRequest.ExecuteAsync: Starting.
TpTrace Information: 0 : 14192, 1, 2023/08/03, 16:25:14.173, 4913558937210, vstest.console.dll, TestRunRequest.ExecuteAsync: Starting run with settings:TestRunCriteria:
   KeepAlive=False,FrequencyOfRunStatsChangeEvent=10,RunStatsChangeEventTimeout=00:00:01.5000000,TestCaseFilter=,TestExecutorLauncher=
   Settingsxml=<RunSettings>
  <RunConfiguration>
    <ResultsDirectory>C:\Repo\ParcelCostCalculation\ParcelCostCalculation.Test\bin\Debug\net7.0\fine-code-coverage\coverage-tool-output</ResultsDirectory>
    <TargetPlatform>X64</TargetPlatform>
    <TargetFrameworkVersion>.NETCoreApp,Version=v7.0</TargetFrameworkVersion>
    <DesignMode>False</DesignMode>
    <CollectSourceInformation>False</CollectSourceInformation>
  </RunConfiguration>
  <LoggerRunSettings>
    <Loggers>
      <Logger friendlyName="blame" enabled="True" />
      <Logger friendlyName="Console" uri="logger://microsoft/TestPlatform/ConsoleLogger/v1" assemblyQualifiedName="Microsoft.VisualStudio.TestPlatform.CommandLine.Internal.ConsoleLogger, vstest.console, Version=15.0.0.0, Culture=neutral, PublicKeyToken=b03f5f7f11d50a3a" codeBase="C:\Program Files\dotnet\sdk\7.0.304\vstest.console.dll" enabled="True" />
    </Loggers>
  </LoggerRunSettings>
  <DataCollectionRunSettings>
    <DataCollectors>
      <DataCollector friendlyName="blame" enabled="True">
        <Configuration>
          <ResultsDirectory>C:\Repo\ParcelCostCalculation\ParcelCostCalculation.Test\bin\Debug\net7.0\fine-code-coverage\coverage-tool-output</ResultsDirectory>
        </Configuration>
      </DataCollector>
    </DataCollectors>
  </DataCollectionRunSettings>
</RunSettings>

TpTrace Verbose: 0 : 14192, 1, 2023/08/03, 16:25:14.173, 4913558937874, vstest.console.dll, TestRunRequest.ExecuteAsync: Wait for the first run request is over.
TpTrace Verbose: 0 : 14192, 1, 2023/08/03, 16:25:14.173, 4913558940995, vstest.console.dll, MulticastDelegateUtilities.SafeInvoke: TestRun.TestRunStart: Invoking callbacks was skipped because there are no subscribers.
TpTrace Verbose: 0 : 14192, 4, 2023/08/03, 16:25:14.173, 4913558943640, vstest.console.dll, MulticastDelegateUtilities.SafeInvoke: InternalTestLoggerEvents.SendTestRunStart: Invoking callback 1/1 for Microsoft.VisualStudio.TestPlatform.CommandLine.Internal.ConsoleLogger., took 0 ms.
TpTrace Verbose: 0 : 14192, 1, 2023/08/03, 16:25:14.174, 4913558951974, vstest.console.dll, ParallelProxyExecutionManager: Start execution. Total sources: 1
TpTrace Verbose: 0 : 14192, 1, 2023/08/03, 16:25:14.176, 4913558969286, vstest.console.dll, TestRequestSender is acting as server.
TpTrace Verbose: 0 : 14192, 1, 2023/08/03, 16:25:14.178, 4913558990297, vstest.console.dll, ParallelOperationManager.RunWorkInParallel: Started work on a host.
TpTrace Verbose: 0 : 14192, 1, 2023/08/03, 16:25:14.179, 4913558998624, vstest.console.dll, ProxyParallelExecutionManager: No sources available for execution.
TpTrace Information: 0 : 14192, 1, 2023/08/03, 16:25:14.179, 4913558999489, vstest.console.dll, TestRunRequest.ExecuteAsync: Started.
TpTrace Verbose: 0 : 14192, 1, 2023/08/03, 16:25:14.179, 4913559000183, vstest.console.dll, TestRunRequest.WaitForCompletion: Waiting with timeout -1.
TpTrace Verbose: 0 : 14192, 5, 2023/08/03, 16:25:14.179, 4913559002178, vstest.console.dll, DataCollectionRequestSender.InitializeCommunication : Initialize communication. 
TpTrace Information: 0 : 14192, 5, 2023/08/03, 16:25:14.183, 4913559045823, vstest.console.dll, Listening on Endpoint : 127.0.0.1:60168
TpTrace Verbose: 0 : 14192, 5, 2023/08/03, 16:25:14.193, 4913559141888, vstest.console.dll, DotnetDataCollectionLauncher: Adding  --runtimeconfig "C:\Program Files\dotnet\sdk\7.0.304\datacollector.runtimeconfig.json" in args
TpTrace Verbose: 0 : 14192, 5, 2023/08/03, 16:25:14.193, 4913559144647, vstest.console.dll, DotnetDataCollectionLauncher: Adding  --depsfile "C:\Program Files\dotnet\sdk\7.0.304\datacollector.deps.json" in args
TpTrace Verbose: 0 : 14192, 5, 2023/08/03, 16:25:14.194, 4913559147801, vstest.console.dll, DotnetDataCollectionLauncher: Full path of dotnet.exe is C:\Program Files\dotnet\dotnet.exe
TpTrace Information: 0 : 14192, 5, 2023/08/03, 16:25:14.202, 4913559230286, vstest.console.dll, ProxyDataCollectionManager.Initialize: Launched datacollector processId: 28536 port: 60168
TpTrace Information: 0 : 14192, 5, 2023/08/03, 16:25:14.202, 4913559232407, vstest.console.dll, ProxyDataCollectionManager.Initialize: waiting for connection with timeout: 90 seconds
TpTrace Verbose: 0 : 14192, 5, 2023/08/03, 16:25:14.202, 4913559233189, vstest.console.dll, DataCollectionRequestSender.WaitForRequestHandlerConnection : Waiting for connection with timeout: 90000
TpTrace Information: 0 : 14192, 7, 2023/08/03, 16:25:14.361, 4913560819891, vstest.console.dll, Using the buffer size of 16384 bytes
TpTrace Information: 0 : 14192, 7, 2023/08/03, 16:25:14.361, 4913560821992, vstest.console.dll, Accepted Client request and set the flag
TpTrace Verbose: 0 : 14192, 5, 2023/08/03, 16:25:14.361, 4913560820453, vstest.console.dll, SocketCommunicationManager.WaitForClientConnection took: 158 ms, with 90000 ms timeout, and finished with True.
TpTrace Verbose: 0 : 14192, 5, 2023/08/03, 16:25:14.361, 4913560824068, vstest.console.dll, ProxyDataCollectionManager.InvokeDataCollectionServiceAction: Starting.
TpTrace Information: 0 : 14192, 5, 2023/08/03, 16:25:14.361, 4913560824978, vstest.console.dll, ProxyDataCollectionManager.BeforeTestRunStart: Get environment variable and port for datacollector processId: 28536 port: 60168
TpTrace Verbose: 0 : 14192, 5, 2023/08/03, 16:25:14.361, 4913560826052, vstest.console.dll, DataCollectionRequestSender.SendBeforeTestRunStartAndGetResult: Send BeforeTestRunStart message with settingsXml <RunSettings><RunConfiguration><ResultsDirectory>C:\Repo\ParcelCostCalculation\ParcelCostCalculation.Test\bin\Debug\net7.0\fine-code-coverage\coverage-tool-output</ResultsDirectory><TargetPlatform>X64</TargetPlatform><TargetFrameworkVersion>.NETCoreApp,Version=v7.0</TargetFrameworkVersion><DesignMode>False</DesignMode><CollectSourceInformation>False</CollectSourceInformation><TestAdaptersPaths>C:\Program Files\dotnet\sdk\7.0.304\Extensions</TestAdaptersPaths></RunConfiguration><LoggerRunSettings><Loggers><Logger friendlyName="blame" enabled="True" /><Logger friendlyName="Console" uri="logger://microsoft/TestPlatform/ConsoleLogger/v1" assemblyQualifiedName="Microsoft.VisualStudio.TestPlatform.CommandLine.Internal.ConsoleLogger, vstest.console, Version=15.0.0.0, Culture=neutral, PublicKeyToken=b03f5f7f11d50a3a" codeBase="C:\Program Files\dotnet\sdk\7.0.304\vstest.console.dll" enabled="True" /></Loggers></LoggerRunSettings><DataCollectionRunSettings><DataCollectors><DataCollector friendlyName="blame" enabled="True"><Configuration><ResultsDirectory>C:\Repo\ParcelCostCalculation\ParcelCostCalculation.Test\bin\Debug\net7.0\fine-code-coverage\coverage-tool-output</ResultsDirectory></Configuration></DataCollector></DataCollectors></DataCollectionRunSettings></RunSettings> and sources System.Collections.Generic.List`1[System.String]: 
TpTrace Verbose: 0 : 14192, 5, 2023/08/03, 16:25:14.430, 4913561513329, vstest.console.dll, DataCollectionRequestSender.SendBeforeTestRunStartAndGetResult: Received message: (DataCollection.SendMessage) -> {"MessageType":"DataCollection.SendMessage","Payload":{"FriendlyName":null,"Uri":null,"TestCaseId":"00000000-0000-0000-0000-000000000000","Message":"Logging DataCollector Diagnostics in file: C:\\Repo\\ParcelCostCalculation\\ParcelCostCalculation.Test\\bin\\Debug\\net7.0\\fine-code-coverage\\coverage-tool-output\\diagnostics.datacollector.23-08-03_16-25-14_19320_5.log","Level":0}}
TpTrace Verbose: 0 : 14192, 5, 2023/08/03, 16:25:14.507, 4913562282946, vstest.console.dll, DataCollectionRequestSender.SendBeforeTestRunStartAndGetResult: Received message: (DataCollection.BeforeTestRunStartResult) -> {"MessageType":"DataCollection.BeforeTestRunStartResult","Payload":{"EnvironmentVariables":{},"DataCollectionEventsPort":60170}}
TpTrace Information: 0 : 14192, 5, 2023/08/03, 16:25:14.513, 4913562341564, vstest.console.dll, ProxyDataCollectionManager.BeforeTestRunStart: SendBeforeTestRunStartAndGetResult successful, env variable from datacollector:   and testhost port: 60170
TpTrace Information: 0 : 14192, 5, 2023/08/03, 16:25:14.513, 4913562343426, vstest.console.dll, ProxyDataCollectionManager.InvokeDataCollectionServiceAction: Completed.
TpTrace Verbose: 0 : 14192, 5, 2023/08/03, 16:25:14.513, 4913562344629, vstest.console.dll, ProxyExecutionManager: Test host is always Lazy initialize.
TpTrace Verbose: 0 : 14192, 5, 2023/08/03, 16:25:14.514, 4913562347825, vstest.console.dll, TestRequestSender.InitializeCommunication: initialize communication. 
TpTrace Information: 0 : 14192, 5, 2023/08/03, 16:25:14.514, 4913562353661, vstest.console.dll, SocketServer.Start: Listening on endpoint : 127.0.0.1:60171
TpTrace Verbose: 0 : 14192, 5, 2023/08/03, 16:25:14.515, 4913562362146, vstest.console.dll, DotnetTestHostmanager.GetTestHostProcessStartInfo: Platform environment 'X64' target architecture 'X64' framework '.NETCoreApp,Version=v7.0' OS 'Windows'
TpTrace Verbose: 0 : 14192, 5, 2023/08/03, 16:25:14.515, 4913562364658, vstest.console.dll, DotnetTestHostmanager: Adding  --runtimeconfig "C:\Repo\ParcelCostCalculation\ParcelCostCalculation.Test\bin\Debug\net7.0\fine-code-coverage\build-output\ParcelCostCalculation.Test.runtimeconfig.json" in args
TpTrace Verbose: 0 : 14192, 5, 2023/08/03, 16:25:14.515, 4913562365846, vstest.console.dll, DotnetTestHostmanager: Adding  --depsfile "C:\Repo\ParcelCostCalculation\ParcelCostCalculation.Test\bin\Debug\net7.0\fine-code-coverage\build-output\ParcelCostCalculation.Test.deps.json" in args
TpTrace Verbose: 0 : 14192, 5, 2023/08/03, 16:25:14.516, 4913562367687, vstest.console.dll, DotnetTestHostmanager.IsWinOnArm: Current PROCESSOR_ARCHITECTURE from environment variable 'AMD64'
TpTrace Verbose: 0 : 14192, 5, 2023/08/03, 16:25:14.516, 4913562368301, vstest.console.dll, DotnetTestHostmanager.IsWinOnArm: Is Windows on ARM 'False'
TpTrace Verbose: 0 : 14192, 5, 2023/08/03, 16:25:14.516, 4913562369402, vstest.console.dll, DotnetTestHostManager: testhost.exe found at path: C:\Repo\ParcelCostCalculation\ParcelCostCalculation.Test\bin\Debug\net7.0\fine-code-coverage\build-output\testhost.exe
TpTrace Verbose: 0 : 14192, 5, 2023/08/03, 16:25:14.516, 4913562369854, vstest.console.dll, DotnetTestHostmanager: Full path of host exe is C:\Repo\ParcelCostCalculation\ParcelCostCalculation.Test\bin\Debug\net7.0\fine-code-coverage\build-output\testhost.exe
TpTrace Verbose: 0 : 14192, 5, 2023/08/03, 16:25:14.516, 4913562371386, vstest.console.dll, DotnetTestHostmanager.LaunchTestHostAsync: Found 'VSTEST_WINAPPHOST_DOTNET_ROOT' in env variables, value 'C:\Program Files\dotnet', forwarding to 'DOTNET_ROOT'
TpTrace Verbose: 0 : 14192, 5, 2023/08/03, 16:25:14.516, 4913562373110, vstest.console.dll, DotnetTestHostManager: Starting process 'C:\Repo\ParcelCostCalculation\ParcelCostCalculation.Test\bin\Debug\net7.0\fine-code-coverage\build-output\testhost.exe' with command line ' --runtimeconfig "C:\Repo\ParcelCostCalculation\ParcelCostCalculation.Test\bin\Debug\net7.0\fine-code-coverage\build-output\ParcelCostCalculation.Test.runtimeconfig.json" --depsfile "C:\Repo\ParcelCostCalculation\ParcelCostCalculation.Test\bin\Debug\net7.0\fine-code-coverage\build-output\ParcelCostCalculation.Test.deps.json" --port 60171 --endpoint 127.0.0.1:060171 --role client --parentprocessid 14192 --diag "C:\Repo\ParcelCostCalculation\ParcelCostCalculation.Test\bin\Debug\net7.0\fine-code-coverage\coverage-tool-output\diagnostics.host.23-08-03_16-25-14_51520_5.log" --tracelevel 4 --datacollectionport 60170 --telemetryoptedin false'
TpTrace Verbose: 0 : 14192, 5, 2023/08/03, 16:25:14.530, 4913562507940, vstest.console.dll, MulticastDelegateUtilities.SafeInvoke: HostProviderEvents.OnHostLaunched: Invoking callback 1/2 for Microsoft.VisualStudio.TestPlatform.CrossPlatEngine.Client.ProxyExecutionManagerWithDataCollection., took 1 ms.
TpTrace Verbose: 0 : 14192, 5, 2023/08/03, 16:25:14.530, 4913562512091, vstest.console.dll, Test Runtime launched
TpTrace Verbose: 0 : 14192, 5, 2023/08/03, 16:25:14.530, 4913562513486, vstest.console.dll, MulticastDelegateUtilities.SafeInvoke: HostProviderEvents.OnHostLaunched: Invoking callback 2/2 for Microsoft.VisualStudio.TestPlatform.CrossPlatEngine.Client.ProxyOperationManager., took 0 ms.
TpTrace Verbose: 0 : 14192, 5, 2023/08/03, 16:25:14.530, 4913562516152, vstest.console.dll, TestRequestSender.WaitForRequestHandlerConnection: waiting for connection with timeout: 90000.
TpTrace Verbose: 0 : 14192, 5, 2023/08/03, 16:25:14.701, 4913564218331, vstest.console.dll, TestRequestSender.WaitForRequestHandlerConnection: waiting took 170 ms, with timeout 90000 ms, and result 0, which is success.
TpTrace Verbose: 0 : 14192, 7, 2023/08/03, 16:25:14.701, 4913564218330, vstest.console.dll, MulticastDelegateUtilities.SafeInvoke: SocketServer: ClientConnected: Invoking callback 1/1 for Microsoft.VisualStudio.TestPlatform.CommunicationUtilities.TestRequestSender., took 0 ms.
TpTrace Verbose: 0 : 14192, 7, 2023/08/03, 16:25:14.701, 4913564220946, vstest.console.dll, SocketServer.OnClientConnected: Client connected for endPoint: 127.0.0.1:60171, starting MessageLoopAsync:
TpTrace Verbose: 0 : 14192, 12, 2023/08/03, 16:25:14.701, 4913564223537, vstest.console.dll, TcpClientExtensions.MessageLoopAsync: Polling on remoteEndPoint: 127.0.0.1:60172 localEndPoint: 127.0.0.1:60171
TpTrace Verbose: 0 : 14192, 5, 2023/08/03, 16:25:14.702, 4913564230805, vstest.console.dll, TestRequestSender.CheckVersionWithTestHost: Sending check version message: {"MessageType":"ProtocolVersion","Payload":7}
TpTrace Verbose: 0 : 14192, 12, 2023/08/03, 16:25:14.827, 4913565483504, vstest.console.dll, TcpClientExtensions.MessageLoopAsync: NotifyDataAvailable remoteEndPoint: 127.0.0.1:60172 localEndPoint: 127.0.0.1:60171
TpTrace Verbose: 0 : 14192, 12, 2023/08/03, 16:25:14.828, 4913565486539, vstest.console.dll, TestRequestSender.CheckVersionWithTestHost: onMessageReceived received message: (ProtocolVersion) -> {"MessageType":"ProtocolVersion","Payload":7}
TpTrace Verbose: 0 : 14192, 12, 2023/08/03, 16:25:14.828, 4913565493989, vstest.console.dll, MulticastDelegateUtilities.SafeInvoke: LengthPrefixCommunicationChannel: MessageReceived: Invoking callback 1/1 for Microsoft.VisualStudio.TestPlatform.CommunicationUtilities.TestRequestSender+<>c__DisplayClass29_0., took 0 ms.
TpTrace Verbose: 0 : 14192, 12, 2023/08/03, 16:25:14.828, 4913565495441, vstest.console.dll, TcpClientExtensions.MessageLoopAsync: Polling on remoteEndPoint: 127.0.0.1:60172 localEndPoint: 127.0.0.1:60171
TpTrace Verbose: 0 : 14192, 5, 2023/08/03, 16:25:14.828, 4913565495544, vstest.console.dll, TestPluginCache.GetExtensionPaths: Filtered extension paths: 
TpTrace Verbose: 0 : 14192, 5, 2023/08/03, 16:25:14.829, 4913565496854, vstest.console.dll, TestPluginCache.GetExtensionPaths: Added default extension paths: C:\Program Files\dotnet\sdk\7.0.304\Extensions\Microsoft.Diagnostics.NETCore.Client.dll
C:\Program Files\dotnet\sdk\7.0.304\Extensions\Microsoft.TestPlatform.Extensions.BlameDataCollector.dll
C:\Program Files\dotnet\sdk\7.0.304\Extensions\Microsoft.TestPlatform.Extensions.EventLogCollector.dll
C:\Program Files\dotnet\sdk\7.0.304\Extensions\Microsoft.TestPlatform.TestHostRuntimeProvider.dll
C:\Program Files\dotnet\sdk\7.0.304\Extensions\Microsoft.VisualStudio.TestPlatform.Extensions.Html.TestLogger.dll
C:\Program Files\dotnet\sdk\7.0.304\Extensions\Microsoft.VisualStudio.TestPlatform.Extensions.Trx.TestLogger.dll
TpTrace Verbose: 0 : 14192, 5, 2023/08/03, 16:25:14.829, 4913565497164, vstest.console.dll, TestPluginCache.GetExtensionPaths: Added unfilterableExtensionPaths: 
TpTrace Verbose: 0 : 14192, 5, 2023/08/03, 16:25:14.831, 4913565524350, vstest.console.dll, TestRequestSender.InitializeExecution: Sending initialize execution with message: {"Version":7,"MessageType":"TestExecution.Initialize","Payload":["C:\\Repo\\ParcelCostCalculation\\ParcelCostCalculation.Test\\bin\\Debug\\net7.0\\fine-code-coverage\\build-output\\xunit.runner.visualstudio.dotnetcore.testadapter.dll"]}
TpTrace Verbose: 0 : 14192, 5, 2023/08/03, 16:25:14.832, 4913565526562, vstest.console.dll, ParallelProxyExecutionManager: Execution started. Started clients: 1
TpTrace Verbose: 0 : 14192, 5, 2023/08/03, 16:25:14.832, 4913565528877, vstest.console.dll, TestRunRequest:SendTestRunMessage: Starting.
TpTrace Verbose: 0 : 14192, 5, 2023/08/03, 16:25:14.832, 4913565530466, vstest.console.dll, MulticastDelegateUtilities.SafeInvoke: TestRun.LogMessages: Invoking callback 1/1 for Microsoft.VisualStudio.TestPlatform.CommandLine.TestRunResultAggregator., took 0 ms.
TpTrace Information: 0 : 14192, 5, 2023/08/03, 16:25:14.832, 4913565530990, vstest.console.dll, TestRunRequest:SendTestRunMessage: Completed.
TpTrace Verbose: 0 : 14192, 4, 2023/08/03, 16:25:14.832, 4913565532052, vstest.console.dll, MulticastDelegateUtilities.SafeInvoke: InternalTestLoggerEvents.SendTestRunMessage: Invoking callback 1/1 for Microsoft.VisualStudio.TestPlatform.CommandLine.Internal.ConsoleLogger., took 0 ms.
TpTrace Warning: 0 : 14192, 5, 2023/08/03, 16:25:14.832, 4913565534474, vstest.console.dll, InferRunSettingsHelper.MakeRunsettingsCompatible: Removing the following settings: TargetPlatform from RunSettings file. To use those settings please move to latest version of Microsoft.NET.Test.Sdk
TpTrace Verbose: 0 : 14192, 12, 2023/08/03, 16:25:14.833, 4913565541937, vstest.console.dll, TcpClientExtensions.MessageLoopAsync: NotifyDataAvailable remoteEndPoint: 127.0.0.1:60172 localEndPoint: 127.0.0.1:60171
TpTrace Verbose: 0 : 14192, 12, 2023/08/03, 16:25:14.833, 4913565545477, vstest.console.dll, TestRequestSender.OnExecutionMessageReceived: Received message: {"Version":7,"MessageType":"TestSession.Message","Payload":{"MessageLevel":0,"Message":"Logging TestHost Diagnostics in file: C:\\Repo\\ParcelCostCalculation\\ParcelCostCalculation.Test\\bin\\Debug\\net7.0\\fine-code-coverage\\coverage-tool-output\\diagnostics.host.23-08-03_16-25-14_51520_5.log"}}
TpTrace Verbose: 0 : 14192, 12, 2023/08/03, 16:25:14.840, 4913565615403, vstest.console.dll, TestRunRequest:SendTestRunMessage: Starting.
TpTrace Verbose: 0 : 14192, 12, 2023/08/03, 16:25:14.841, 4913565617504, vstest.console.dll, MulticastDelegateUtilities.SafeInvoke: TestRun.LogMessages: Invoking callback 1/1 for Microsoft.VisualStudio.TestPlatform.CommandLine.TestRunResultAggregator., took 0 ms.
TpTrace Verbose: 0 : 14192, 4, 2023/08/03, 16:25:14.841, 4913565617601, vstest.console.dll, MulticastDelegateUtilities.SafeInvoke: InternalTestLoggerEvents.SendTestRunMessage: Invoking callback 1/1 for Microsoft.VisualStudio.TestPlatform.CommandLine.Internal.ConsoleLogger., took 0 ms.
TpTrace Information: 0 : 14192, 12, 2023/08/03, 16:25:14.841, 4913565618068, vstest.console.dll, TestRunRequest:SendTestRunMessage: Completed.
TpTrace Verbose: 0 : 14192, 12, 2023/08/03, 16:25:14.841, 4913565619110, vstest.console.dll, MulticastDelegateUtilities.SafeInvoke: LengthPrefixCommunicationChannel: MessageReceived: Invoking callback 1/1 for Microsoft.VisualStudio.TestPlatform.CommunicationUtilities.TestRequestSender+<>c__DisplayClass34_0., took 7 ms.
TpTrace Verbose: 0 : 14192, 12, 2023/08/03, 16:25:14.841, 4913565620310, vstest.console.dll, TcpClientExtensions.MessageLoopAsync: Polling on remoteEndPoint: 127.0.0.1:60172 localEndPoint: 127.0.0.1:60171
TpTrace Verbose: 0 : 14192, 5, 2023/08/03, 16:25:14.844, 4913565647392, vstest.console.dll, TestRequestSender.StartTestRun: Sending test run with message: {"Version":7,"MessageType":"TestExecution.StartWithSources","Payload":{"AdapterSourceMap":{"_none_":["C:\\Repo\\ParcelCostCalculation\\ParcelCostCalculation.Test\\bin\\Debug\\net7.0\\fine-code-coverage\\build-output\\ParcelCostCalculation.Test.dll"]},"RunSettings":"<RunSettings>\r\n  <RunConfiguration>\r\n    <ResultsDirectory>C:\\Repo\\ParcelCostCalculation\\ParcelCostCalculation.Test\\bin\\Debug\\net7.0\\fine-code-coverage\\coverage-tool-output</ResultsDirectory>\r\n    <TargetFrameworkVersion>.NETCoreApp,Version=v7.0</TargetFrameworkVersion>\r\n    <DesignMode>False</DesignMode>\r\n    <CollectSourceInformation>False</CollectSourceInformation>\r\n  </RunConfiguration>\r\n  <LoggerRunSettings>\r\n    <Loggers>\r\n      <Logger friendlyName=\"blame\" enabled=\"True\" />\r\n      <Logger friendlyName=\"Console\" uri=\"logger://microsoft/TestPlatform/ConsoleLogger/v1\" assemblyQualifiedName=\"Microsoft.VisualStudio.TestPlatform.CommandLine.Internal.ConsoleLogger, vstest.console, Version=15.0.0.0, Culture=neutral, PublicKeyToken=b03f5f7f11d50a3a\" codeBase=\"C:\\Program Files\\dotnet\\sdk\\7.0.304\\vstest.console.dll\" enabled=\"True\" />\r\n    </Loggers>\r\n  </LoggerRunSettings>\r\n  <DataCollectionRunSettings>\r\n    <DataCollectors>\r\n      <DataCollector friendlyName=\"blame\" enabled=\"True\">\r\n        <Configuration>\r\n          <ResultsDirectory>C:\\Repo\\ParcelCostCalculation\\ParcelCostCalculation.Test\\bin\\Debug\\net7.0\\fine-code-coverage\\coverage-tool-output</ResultsDirectory>\r\n        </Configuration>\r\n      </DataCollector>\r\n    </DataCollectors>\r\n  </DataCollectionRunSettings>\r\n</RunSettings>","TestExecutionContext":{"FrequencyOfRunStatsChangeEvent":10,"RunStatsChangeEventTimeout":"00:00:01.5000000","InIsolation":false,"KeepAlive":false,"AreTestCaseLevelEventsRequired":false,"IsDebug":false,"TestCaseFilter":null,"FilterOptions":null},"Package":null}}
TpTrace Verbose: 0 : 14192, 12, 2023/08/03, 16:25:14.957, 4913566780693, vstest.console.dll, TcpClientExtensions.MessageLoopAsync: NotifyDataAvailable remoteEndPoint: 127.0.0.1:60172 localEndPoint: 127.0.0.1:60171
TpTrace Verbose: 0 : 14192, 12, 2023/08/03, 16:25:14.957, 4913566782401, vstest.console.dll, TestRequestSender.OnExecutionMessageReceived: Received message: {"Version":7,"MessageType":"TestSession.Message","Payload":{"MessageLevel":0,"Message":"[xUnit.net 00:00:00.00] xUnit.net VSTest Adapter v2.5.0.1+5ebf84cd75 (64-bit .NET 7.0.7)"}}
TpTrace Verbose: 0 : 14192, 12, 2023/08/03, 16:25:14.957, 4913566784574, vstest.console.dll, TestRunRequest:SendTestRunMessage: Starting.
TpTrace Verbose: 0 : 14192, 12, 2023/08/03, 16:25:14.957, 4913566785236, vstest.console.dll, MulticastDelegateUtilities.SafeInvoke: TestRun.LogMessages: Invoking callback 1/1 for Microsoft.VisualStudio.TestPlatform.CommandLine.TestRunResultAggregator., took 0 ms.
TpTrace Information: 0 : 14192, 12, 2023/08/03, 16:25:14.957, 4913566785629, vstest.console.dll, TestRunRequest:SendTestRunMessage: Completed.
TpTrace Verbose: 0 : 14192, 4, 2023/08/03, 16:25:14.957, 4913566785627, vstest.console.dll, MulticastDelegateUtilities.SafeInvoke: InternalTestLoggerEvents.SendTestRunMessage: Invoking callback 1/1 for Microsoft.VisualStudio.TestPlatform.CommandLine.Internal.ConsoleLogger., took 0 ms.
TpTrace Verbose: 0 : 14192, 12, 2023/08/03, 16:25:14.957, 4913566786051, vstest.console.dll, MulticastDelegateUtilities.SafeInvoke: LengthPrefixCommunicationChannel: MessageReceived: Invoking callback 1/1 for Microsoft.VisualStudio.TestPlatform.CommunicationUtilities.TestRequestSender+<>c__DisplayClass34_0., took 0 ms.
TpTrace Verbose: 0 : 14192, 12, 2023/08/03, 16:25:14.958, 4913566787310, vstest.console.dll, TcpClientExtensions.MessageLoopAsync: Polling on remoteEndPoint: 127.0.0.1:60172 localEndPoint: 127.0.0.1:60171
TpTrace Verbose: 0 : 14192, 12, 2023/08/03, 16:25:15.737, 4913574580725, vstest.console.dll, TcpClientExtensions.MessageLoopAsync: NotifyDataAvailable remoteEndPoint: 127.0.0.1:60172 localEndPoint: 127.0.0.1:60171
TpTrace Verbose: 0 : 14192, 12, 2023/08/03, 16:25:15.737, 4913574584014, vstest.console.dll, TestRequestSender.OnExecutionMessageReceived: Received message: {"Version":7,"MessageType":"TestSession.Message","Payload":{"MessageLevel":0,"Message":"[xUnit.net 00:00:00.78]   Discovering: ParcelCostCalculation.Test"}}
TpTrace Verbose: 0 : 14192, 12, 2023/08/03, 16:25:15.738, 4913574587845, vstest.console.dll, TestRunRequest:SendTestRunMessage: Starting.
TpTrace Verbose: 0 : 14192, 12, 2023/08/03, 16:25:15.738, 4913574590264, vstest.console.dll, MulticastDelegateUtilities.SafeInvoke: TestRun.LogMessages: Invoking callback 1/1 for Microsoft.VisualStudio.TestPlatform.CommandLine.TestRunResultAggregator., took 0 ms.
TpTrace Information: 0 : 14192, 12, 2023/08/03, 16:25:15.738, 4913574591300, vstest.console.dll, TestRunRequest:SendTestRunMessage: Completed.
TpTrace Verbose: 0 : 14192, 12, 2023/08/03, 16:25:15.738, 4913574592075, vstest.console.dll, MulticastDelegateUtilities.SafeInvoke: LengthPrefixCommunicationChannel: MessageReceived: Invoking callback 1/1 for Microsoft.VisualStudio.TestPlatform.CommunicationUtilities.TestRequestSender+<>c__DisplayClass34_0., took 0 ms.
TpTrace Verbose: 0 : 14192, 12, 2023/08/03, 16:25:15.738, 4913574592772, vstest.console.dll, TcpClientExtensions.MessageLoopAsync: Polling on remoteEndPoint: 127.0.0.1:60172 localEndPoint: 127.0.0.1:60171
TpTrace Verbose: 0 : 14192, 4, 2023/08/03, 16:25:15.740, 4913574615938, vstest.console.dll, MulticastDelegateUtilities.SafeInvoke: InternalTestLoggerEvents.SendTestRunMessage: Invoking callback 1/1 for Microsoft.VisualStudio.TestPlatform.CommandLine.Internal.ConsoleLogger., took 0 ms.
TpTrace Verbose: 0 : 14192, 12, 2023/08/03, 16:25:15.851, 4913575717351, vstest.console.dll, TcpClientExtensions.MessageLoopAsync: NotifyDataAvailable remoteEndPoint: 127.0.0.1:60172 localEndPoint: 127.0.0.1:60171
TpTrace Verbose: 0 : 14192, 12, 2023/08/03, 16:25:15.851, 4913575719841, vstest.console.dll, TestRequestSender.OnExecutionMessageReceived: Received message: {"Version":7,"MessageType":"TestSession.Message","Payload":{"MessageLevel":0,"Message":"[xUnit.net 00:00:00.89]   Discovered:  ParcelCostCalculation.Test"}}
TpTrace Verbose: 0 : 14192, 12, 2023/08/03, 16:25:15.851, 4913575721216, vstest.console.dll, TestRunRequest:SendTestRunMessage: Starting.
TpTrace Verbose: 0 : 14192, 12, 2023/08/03, 16:25:15.851, 4913575721850, vstest.console.dll, MulticastDelegateUtilities.SafeInvoke: TestRun.LogMessages: Invoking callback 1/1 for Microsoft.VisualStudio.TestPlatform.CommandLine.TestRunResultAggregator., took 0 ms.
TpTrace Information: 0 : 14192, 12, 2023/08/03, 16:25:15.851, 4913575722264, vstest.console.dll, TestRunRequest:SendTestRunMessage: Completed.
TpTrace Verbose: 0 : 14192, 4, 2023/08/03, 16:25:15.851, 4913575722351, vstest.console.dll, MulticastDelegateUtilities.SafeInvoke: InternalTestLoggerEvents.SendTestRunMessage: Invoking callback 1/1 for Microsoft.VisualStudio.TestPlatform.CommandLine.Internal.ConsoleLogger., took 0 ms.
TpTrace Verbose: 0 : 14192, 12, 2023/08/03, 16:25:15.851, 4913575722769, vstest.console.dll, MulticastDelegateUtilities.SafeInvoke: LengthPrefixCommunicationChannel: MessageReceived: Invoking callback 1/1 for Microsoft.VisualStudio.TestPlatform.CommunicationUtilities.TestRequestSender+<>c__DisplayClass34_0., took 0 ms.
TpTrace Verbose: 0 : 14192, 12, 2023/08/03, 16:25:15.851, 4913575724748, vstest.console.dll, TcpClientExtensions.MessageLoopAsync: Polling on remoteEndPoint: 127.0.0.1:60172 localEndPoint: 127.0.0.1:60171
TpTrace Verbose: 0 : 14192, 12, 2023/08/03, 16:25:15.855, 4913575758233, vstest.console.dll, TcpClientExtensions.MessageLoopAsync: NotifyDataAvailable remoteEndPoint: 127.0.0.1:60172 localEndPoint: 127.0.0.1:60171
TpTrace Verbose: 0 : 14192, 12, 2023/08/03, 16:25:15.855, 4913575760222, vstest.console.dll, TestRequestSender.OnExecutionMessageReceived: Received message: {"Version":7,"MessageType":"TestSession.Message","Payload":{"MessageLevel":0,"Message":"[xUnit.net 00:00:00.90]   Starting:    ParcelCostCalculation.Test"}}
TpTrace Verbose: 0 : 14192, 12, 2023/08/03, 16:25:15.855, 4913575762060, vstest.console.dll, TestRunRequest:SendTestRunMessage: Starting.
TpTrace Verbose: 0 : 14192, 12, 2023/08/03, 16:25:15.855, 4913575763124, vstest.console.dll, MulticastDelegateUtilities.SafeInvoke: TestRun.LogMessages: Invoking callback 1/1 for Microsoft.VisualStudio.TestPlatform.CommandLine.TestRunResultAggregator., took 0 ms.
TpTrace Verbose: 0 : 14192, 4, 2023/08/03, 16:25:15.855, 4913575763546, vstest.console.dll, MulticastDelegateUtilities.SafeInvoke: InternalTestLoggerEvents.SendTestRunMessage: Invoking callback 1/1 for Microsoft.VisualStudio.TestPlatform.CommandLine.Internal.ConsoleLogger., took 0 ms.
TpTrace Information: 0 : 14192, 12, 2023/08/03, 16:25:15.855, 4913575763717, vstest.console.dll, TestRunRequest:SendTestRunMessage: Completed.
TpTrace Verbose: 0 : 14192, 12, 2023/08/03, 16:25:15.855, 4913575765971, vstest.console.dll, MulticastDelegateUtilities.SafeInvoke: LengthPrefixCommunicationChannel: MessageReceived: Invoking callback 1/1 for Microsoft.VisualStudio.TestPlatform.CommunicationUtilities.TestRequestSender+<>c__DisplayClass34_0., took 0 ms.
TpTrace Verbose: 0 : 14192, 12, 2023/08/03, 16:25:15.856, 4913575766663, vstest.console.dll, TcpClientExtensions.MessageLoopAsync: Polling on remoteEndPoint: 127.0.0.1:60172 localEndPoint: 127.0.0.1:60171
TpTrace Verbose: 0 : 14192, 12, 2023/08/03, 16:25:16.426, 4913581471070, vstest.console.dll, TcpClientExtensions.MessageLoopAsync: NotifyDataAvailable remoteEndPoint: 127.0.0.1:60172 localEndPoint: 127.0.0.1:60171
TpTrace Verbose: 0 : 14192, 12, 2023/08/03, 16:25:16.426, 4913581473366, vstest.console.dll, TestRequestSender.OnExecutionMessageReceived: Received message: {"Version":7,"MessageType":"TestExecution.StatsChange","Payload":{"NewTestResults":[],"TestRunStatistics":{"ExecutedTests":0,"Stats":{}},"ActiveTests":[{"Id":"1455117a-ad0e-60ed-2ecc-fad7835fba2f","FullyQualifiedName":"ParcelCostCalculation.Test.ParcelCostCalculationTest.ParcelCost_HeavyParcelANDSmallParcel_ShouldReturn_HeavyParcel","DisplayName":"ParcelCostCalculation.Test.ParcelCostCalculationTest.ParcelCost_HeavyParcelANDSmallParcel_ShouldReturn_HeavyParcel(Weight: 12, Width: 10, Height: 14, Depth: 10)","ExecutorUri":"executor://xunit/VsTestRunner2/netcoreapp","Source":"C:\\Repo\\ParcelCostCalculation\\ParcelCostCalculation.Test\\bin\\Debug\\net7.0\\fine-code-coverage\\build-output\\ParcelCostCalculation.Test.dll","CodeFilePath":null,"LineNumber":0,"Properties":[]}]}}
TpTrace Verbose: 0 : 14192, 12, 2023/08/03, 16:25:16.440, 4913581614266, vstest.console.dll, TestRunRequest:SendTestRunStatsChange: Starting.
TpTrace Verbose: 0 : 14192, 12, 2023/08/03, 16:25:16.441, 4913581616332, vstest.console.dll, InProgress is ParcelCostCalculation.Test.ParcelCostCalculationTest.ParcelCost_HeavyParcelANDSmallParcel_ShouldReturn_HeavyParcel(Weight: 12, Width: 10, Height: 14, Depth: 10)
TpTrace Verbose: 0 : 14192, 12, 2023/08/03, 16:25:16.441, 4913581617379, vstest.console.dll, MulticastDelegateUtilities.SafeInvoke: TestRun.RunStatsChanged: Invoking callbacks was skipped because there are no subscribers.
TpTrace Information: 0 : 14192, 12, 2023/08/03, 16:25:16.441, 4913581618116, vstest.console.dll, TestRunRequest:SendTestRunStatsChange: Completed.
TpTrace Verbose: 0 : 14192, 12, 2023/08/03, 16:25:16.441, 4913581618889, vstest.console.dll, MulticastDelegateUtilities.SafeInvoke: LengthPrefixCommunicationChannel: MessageReceived: Invoking callback 1/1 for Microsoft.VisualStudio.TestPlatform.CommunicationUtilities.TestRequestSender+<>c__DisplayClass34_0., took 14 ms.
TpTrace Verbose: 0 : 14192, 12, 2023/08/03, 16:25:16.441, 4913581619181, vstest.console.dll, TcpClientExtensions.MessageLoopAsync: Polling on remoteEndPoint: 127.0.0.1:60172 localEndPoint: 127.0.0.1:60171
TpTrace Verbose: 0 : 14192, 12, 2023/08/03, 16:25:16.617, 4913583384917, vstest.console.dll, TcpClientExtensions.MessageLoopAsync: NotifyDataAvailable remoteEndPoint: 127.0.0.1:60172 localEndPoint: 127.0.0.1:60171
TpTrace Verbose: 0 : 14192, 12, 2023/08/03, 16:25:16.618, 4913583388145, vstest.console.dll, TestRequestSender.OnExecutionMessageReceived: Received message: {"Version":7,"MessageType":"TestExecution.StatsChange","Payload":{"NewTestResults":[{"TestCase":{"Id":"1455117a-ad0e-60ed-2ecc-fad7835fba2f","FullyQualifiedName":"ParcelCostCalculation.Test.ParcelCostCalculationTest.ParcelCost_HeavyParcelANDSmallParcel_ShouldReturn_HeavyParcel","DisplayName":"ParcelCostCalculation.Test.ParcelCostCalculationTest.ParcelCost_HeavyParcelANDSmallParcel_ShouldReturn_HeavyParcel(Weight: 12, Width: 10, Height: 14, Depth: 10)","ExecutorUri":"executor://xunit/VsTestRunner2/netcoreapp","Source":"C:\\Repo\\ParcelCostCalculation\\ParcelCostCalculation.Test\\bin\\Debug\\net7.0\\fine-code-coverage\\build-output\\ParcelCostCalculation.Test.dll","CodeFilePath":null,"LineNumber":0,"Properties":[]},"Attachments":[],"Outcome":1,"ErrorMessage":null,"ErrorStackTrace":null,"DisplayName":"ParcelCostCalculation.Test.ParcelCostCalculationTest.ParcelCost_HeavyParcelANDSmallParcel_ShouldReturn_HeavyParcel(Weight: 12, Width: 10, Height: 14, Depth: 10)","Messages":[],"ComputerName":"PC","Duration":"00:00:00.6775030","StartTime":"2023-08-03T06:25:16.5787101+00:00","EndTime":"2023-08-03T06:25:16.5787326+00:00","Properties":[]},{"TestCase":{"Id":"cdde0cb3-25b2-5757-a5e6-8322cb05fb3d","FullyQualifiedName":"ParcelCostCalculation.Test.ParcelCostCalculationTest.ParcelCost_MediumParcel_ShouldReturn_MediumParcel","DisplayName":"ParcelCostCalculation.Test.ParcelCostCalculationTest.ParcelCost_MediumParcel_ShouldReturn_MediumParcel(Weight: 8, Width: 23, Height: 10, Depth: 10)","ExecutorUri":"executor://xunit/VsTestRunner2/netcoreapp","Source":"C:\\Repo\\ParcelCostCalculation\\ParcelCostCalculation.Test\\bin\\Debug\\net7.0\\fine-code-coverage\\build-output\\ParcelCostCalculation.Test.dll","CodeFilePath":null,"LineNumber":0,"Properties":[]},"Attachments":[],"Outcome":1,"ErrorMessage":null,"ErrorStackTrace":null,"DisplayName":"ParcelCostCalculation.Test.ParcelCostCalculationTest.ParcelCost_MediumParcel_ShouldReturn_MediumParcel(Weight: 8, Width: 23, Height: 10, Depth: 10)","Messages":[],"ComputerName":"PC","Duration":"00:00:00.0006873","StartTime":"2023-08-03T06:25:16.5973228+00:00","EndTime":"2023-08-03T06:25:16.597323+00:00","Properties":[]},{"TestCase":{"Id":"940bfa09-8174-d960-107e-95dc37b37824","FullyQualifiedName":"ParcelCostCalculation.Test.ParcelCostCalculationTest.ParcelCost_MediumParcel_ShouldReturn_MediumParcel","DisplayName":"ParcelCostCalculation.Test.ParcelCostCalculationTest.ParcelCost_MediumParcel_ShouldReturn_MediumParcel(Weight: 9, Width: 10, Height: 24, Depth: 10)","ExecutorUri":"executor://xunit/VsTestRunner2/netcoreapp","Source":"C:\\Repo\\ParcelCostCalculation\\ParcelCostCalculation.Test\\bin\\Debug\\net7.0\\fine-code-coverage\\build-output\\ParcelCostCalculation.Test.dll","CodeFilePath":null,"LineNumber":0,"Properties":[]},"Attachments":[],"Outcome":1,"ErrorMessage":null,"ErrorStackTrace":null,"DisplayName":"ParcelCostCalculation.Test.ParcelCostCalculationTest.ParcelCost_MediumParcel_ShouldReturn_MediumParcel(Weight: 9, Width: 10, Height: 24, Depth: 10)","Messages":[],"ComputerName":"PC","Duration":"00:00:00.0001637","StartTime":"2023-08-03T06:25:16.6002902+00:00","EndTime":"2023-08-03T06:25:16.6002902+00:00","Properties":[]},{"TestCase":{"Id":"d0d3232b-66eb-e538-d869-efca13b57a01","FullyQualifiedName":"ParcelCostCalculation.Test.ParcelCostCalculationTest.ParcelCost_RequestIsNull_ShouldReturnRequestIsNullOrCorrupt","DisplayName":"ParcelCostCalculation.Test.ParcelCostCalculationTest.ParcelCost_RequestIsNull_ShouldReturnRequestIsNullOrCorrupt","ExecutorUri":"executor://xunit/VsTestRunner2/netcoreapp","Source":"C:\\Repo\\ParcelCostCalculation\\ParcelCostCalculation.Test\\bin\\Debug\\net7.0\\fine-code-coverage\\build-output\\ParcelCostCalculation.Test.dll","CodeFilePath":null,"LineNumber":0,"Properties":[]},"Attachments":[],"Outcome":1,"ErrorMessage":null,"ErrorStackTrace":null,"DisplayName":"ParcelCostCalculation.Test.ParcelCostCalculationTest.ParcelCost_RequestIsNull_ShouldReturnRequestIsNullOrCorrupt","Messages":[],"ComputerName":"PC","Duration":"00:00:00.0010600","StartTime":"2023-08-03T06:25:16.602053+00:00","EndTime":"2023-08-03T06:25:16.6020531+00:00","Properties":[]},{"TestCase":{"Id":"1797829e-9163-60bd-e948-3a262ada8de3","FullyQualifiedName":"ParcelCostCalculation.Test.ParcelCostCalculationTest.ParcelCost_HeavyParcelANDMediumParcel_ShouldReturn_HeavyParcel","DisplayName":"ParcelCostCalculation.Test.ParcelCostCalculationTest.ParcelCost_HeavyParcelANDMediumParcel_ShouldReturn_HeavyParcel(Weight: 12, Width: 10, Height: 24, Depth: 10)","ExecutorUri":"executor://xunit/VsTestRunner2/netcoreapp","Source":"C:\\Repo\\ParcelCostCalculation\\ParcelCostCalculation.Test\\bin\\Debug\\net7.0\\fine-code-coverage\\build-output\\ParcelCostCalculation.Test.dll","CodeFilePath":null,"LineNumber":0,"Properties":[]},"Attachments":[],"Outcome":1,"ErrorMessage":null,"ErrorStackTrace":null,"DisplayName":"ParcelCostCalculation.Test.ParcelCostCalculationTest.ParcelCost_HeavyParcelANDMediumParcel_ShouldReturn_HeavyParcel(Weight: 12, Width: 10, Height: 24, Depth: 10)","Messages":[],"ComputerName":"PC","Duration":"00:00:00.0006872","StartTime":"2023-08-03T06:25:16.6037638+00:00","EndTime":"2023-08-03T06:25:16.6037639+00:00","Properties":[]},{"TestCase":{"Id":"615bc0ed-28a5-f285-7e60-d0298b20ddda","FullyQualifiedName":"ParcelCostCalculation.Test.ParcelCostCalculationTest.ParcelCost_InputDepthIsNull_ShouldReturn_DepthNull","DisplayName":"ParcelCostCalculation.Test.ParcelCostCalculationTest.ParcelCost_InputDepthIsNull_ShouldReturn_DepthNull(Weight: 10, Width: 10, Height: 10, Depth: 0)","ExecutorUri":"executor://xunit/VsTestRunner2/netcoreapp","Source":"C:\\Repo\\ParcelCostCalculation\\ParcelCostCalculation.Test\\bin\\Debug\\net7.0\\fine-code-coverage\\build-output\\ParcelCostCalculation.Test.dll","CodeFilePath":null,"LineNumber":0,"Properties":[]},"Attachments":[],"Outcome":1,"ErrorMessage":null,"ErrorStackTrace":null,"DisplayName":"ParcelCostCalculation.Test.ParcelCostCalculationTest.ParcelCost_InputDepthIsNull_ShouldReturn_DepthNull(Weight: 10, Width: 10, Height: 10, Depth: 0)","Messages":[],"ComputerName":"PC","Duration":"00:00:00.0032363","StartTime":"2023-08-03T06:25:16.6053667+00:00","EndTime":"2023-08-03T06:25:16.6053668+00:00","Properties":[]},{"TestCase":{"Id":"529e49f1-433f-3249-d4e2-e49bcde2a413","FullyQualifiedName":"ParcelCostCalculation.Test.ParcelCostCalculationTest.ParcelCost_InputHeightIsNull_ShouldReturn_HeightNull","DisplayName":"ParcelCostCalculation.Test.ParcelCostCalculationTest.ParcelCost_InputHeightIsNull_ShouldReturn_HeightNull(Weight: 10, Width: 10, Height: 0, Depth: 10)","ExecutorUri":"executor://xunit/VsTestRunner2/netcoreapp","Source":"C:\\Repo\\ParcelCostCalculation\\ParcelCostCalculation.Test\\bin\\Debug\\net7.0\\fine-code-coverage\\build-output\\ParcelCostCalculation.Test.dll","CodeFilePath":null,"LineNumber":0,"Properties":[]},"Attachments":[],"Outcome":1,"ErrorMessage":null,"ErrorStackTrace":null,"DisplayName":"ParcelCostCalculation.Test.ParcelCostCalculationTest.ParcelCost_InputHeightIsNull_ShouldReturn_HeightNull(Weight: 10, Width: 10, Height: 0, Depth: 10)","Messages":[],"ComputerName":"PC","Duration":"00:00:00.0005335","StartTime":"2023-08-03T06:25:16.6069589+00:00","EndTime":"2023-08-03T06:25:16.6069589+00:00","Properties":[]},{"TestCase":{"Id":"0ea9d428-7e3b-85fe-9c5b-979a0f1e23ba","FullyQualifiedName":"ParcelCostCalculation.Test.ParcelCostCalculationTest.ParcelCost_Reject_ShouldReturn_Reject","DisplayName":"ParcelCostCalculation.Test.ParcelCostCalculationTest.ParcelCost_Reject_ShouldReturn_Reject(Weight: 51)","ExecutorUri":"executor://xunit/VsTestRunner2/netcoreapp","Source":"C:\\Repo\\ParcelCostCalculation\\ParcelCostCalculation.Test\\bin\\Debug\\net7.0\\fine-code-coverage\\build-output\\ParcelCostCalculation.Test.dll","CodeFilePath":null,"LineNumber":0,"Properties":[]},"Attachments":[],"Outcome":1,"ErrorMessage":null,"ErrorStackTrace":null,"DisplayName":"ParcelCostCalculation.Test.ParcelCostCalculationTest.ParcelCost_Reject_ShouldReturn_Reject(Weight: 51)","Messages":[],"ComputerName":"PC","Duration":"00:00:00.0004495","StartTime":"2023-08-03T06:25:16.6085608+00:00","EndTime":"2023-08-03T06:25:16.6085609+00:00","Properties":[]},{"TestCase":{"Id":"c26ceacb-5677-7f78-d455-f7551530ecf4","FullyQualifiedName":"ParcelCostCalculation.Test.ParcelCostCalculationTest.ParcelCost_Reject_ShouldReturn_Reject","DisplayName":"ParcelCostCalculation.Test.ParcelCostCalculationTest.ParcelCost_Reject_ShouldReturn_Reject(Weight: 60)","ExecutorUri":"executor://xunit/VsTestRunner2/netcoreapp","Source":"C:\\Repo\\ParcelCostCalculation\\ParcelCostCalculation.Test\\bin\\Debug\\net7.0\\fine-code-coverage\\build-output\\ParcelCostCalculation.Test.dll","CodeFilePath":null,"LineNumber":0,"Properties":[]},"Attachments":[],"Outcome":1,"ErrorMessage":null,"ErrorStackTrace":null,"DisplayName":"ParcelCostCalculation.Test.ParcelCostCalculationTest.ParcelCost_Reject_ShouldReturn_Reject(Weight: 60)","Messages":[],"ComputerName":"PC","Duration":"00:00:00.0001107","StartTime":"2023-08-03T06:25:16.6102642+00:00","EndTime":"2023-08-03T06:25:16.6102643+00:00","Properties":[]}],"TestRunStatistics":{"ExecutedTests":9,"Stats":{"Passed":9}},"ActiveTests":[{"Id":"3227c96a-602d-d76b-03fc-a1397bc7eeb0","FullyQualifiedName":"ParcelCostCalculation.Test.ParcelCostCalculationTest.ParcelCost_RejectANDLargeParcel_ShouldReturn_Reject","DisplayName":"ParcelCostCalculation.Test.ParcelCostCalculationTest.ParcelCost_RejectANDLargeParcel_ShouldReturn_Reject(Weight: 60, Width: 10, Height: 26, Depth: 10)","ExecutorUri":"executor://xunit/VsTestRunner2/netcoreapp","Source":"C:\\Repo\\ParcelCostCalculation\\ParcelCostCalculation.Test\\bin\\Debug\\net7.0\\fine-code-coverage\\build-output\\ParcelCostCalculation.Test.dll","CodeFilePath":null,"LineNumber":0,"Properties":[]}]}}
TpTrace Verbose: 0 : 14192, 12, 2023/08/03, 16:25:16.626, 4913583468960, vstest.console.dll, TestRunRequest:SendTestRunStatsChange: Starting.
TpTrace Verbose: 0 : 14192, 12, 2023/08/03, 16:25:16.626, 4913583469965, vstest.console.dll, InProgress is ParcelCostCalculation.Test.ParcelCostCalculationTest.ParcelCost_RejectANDLargeParcel_ShouldReturn_Reject(Weight: 60, Width: 10, Height: 26, Depth: 10)
TpTrace Verbose: 0 : 14192, 12, 2023/08/03, 16:25:16.626, 4913583472212, vstest.console.dll, MulticastDelegateUtilities.SafeInvoke: TestRun.RunStatsChanged: Invoking callbacks was skipped because there are no subscribers.
TpTrace Information: 0 : 14192, 12, 2023/08/03, 16:25:16.626, 4913583472795, vstest.console.dll, TestRunRequest:SendTestRunStatsChange: Completed.
TpTrace Verbose: 0 : 14192, 12, 2023/08/03, 16:25:16.626, 4913583473239, vstest.console.dll, MulticastDelegateUtilities.SafeInvoke: LengthPrefixCommunicationChannel: MessageReceived: Invoking callback 1/1 for Microsoft.VisualStudio.TestPlatform.CommunicationUtilities.TestRequestSender+<>c__DisplayClass34_0., took 8 ms.
TpTrace Verbose: 0 : 14192, 12, 2023/08/03, 16:25:16.626, 4913583473712, vstest.console.dll, TcpClientExtensions.MessageLoopAsync: Polling on remoteEndPoint: 127.0.0.1:60172 localEndPoint: 127.0.0.1:60171
TpTrace Verbose: 0 : 14192, 4, 2023/08/03, 16:25:16.629, 4913583503028, vstest.console.dll, MulticastDelegateUtilities.SafeInvoke: InternalTestLoggerEvents.SendTestResult: Invoking callback 1/1 for Microsoft.VisualStudio.TestPlatform.CommandLine.Internal.ConsoleLogger., took 3 ms.
TpTrace Verbose: 0 : 14192, 4, 2023/08/03, 16:25:16.629, 4913583506097, vstest.console.dll, MulticastDelegateUtilities.SafeInvoke: InternalTestLoggerEvents.SendTestResult: Invoking callback 1/1 for Microsoft.VisualStudio.TestPlatform.CommandLine.Internal.ConsoleLogger., took 0 ms.
TpTrace Verbose: 0 : 14192, 4, 2023/08/03, 16:25:16.630, 4913583506863, vstest.console.dll, MulticastDelegateUtilities.SafeInvoke: InternalTestLoggerEvents.SendTestResult: Invoking callback 1/1 for Microsoft.VisualStudio.TestPlatform.CommandLine.Internal.ConsoleLogger., took 0 ms.
TpTrace Verbose: 0 : 14192, 4, 2023/08/03, 16:25:16.630, 4913583507274, vstest.console.dll, MulticastDelegateUtilities.SafeInvoke: InternalTestLoggerEvents.SendTestResult: Invoking callback 1/1 for Microsoft.VisualStudio.TestPlatform.CommandLine.Internal.ConsoleLogger., took 0 ms.
TpTrace Verbose: 0 : 14192, 4, 2023/08/03, 16:25:16.630, 4913583507600, vstest.console.dll, MulticastDelegateUtilities.SafeInvoke: InternalTestLoggerEvents.SendTestResult: Invoking callback 1/1 for Microsoft.VisualStudio.TestPlatform.CommandLine.Internal.ConsoleLogger., took 0 ms.
TpTrace Verbose: 0 : 14192, 4, 2023/08/03, 16:25:16.630, 4913583514620, vstest.console.dll, MulticastDelegateUtilities.SafeInvoke: InternalTestLoggerEvents.SendTestResult: Invoking callback 1/1 for Microsoft.VisualStudio.TestPlatform.CommandLine.Internal.ConsoleLogger., took 0 ms.
TpTrace Verbose: 0 : 14192, 4, 2023/08/03, 16:25:16.630, 4913583516007, vstest.console.dll, MulticastDelegateUtilities.SafeInvoke: InternalTestLoggerEvents.SendTestResult: Invoking callback 1/1 for Microsoft.VisualStudio.TestPlatform.CommandLine.Internal.ConsoleLogger., took 0 ms.
TpTrace Verbose: 0 : 14192, 4, 2023/08/03, 16:25:16.631, 4913583517196, vstest.console.dll, MulticastDelegateUtilities.SafeInvoke: InternalTestLoggerEvents.SendTestResult: Invoking callback 1/1 for Microsoft.VisualStudio.TestPlatform.CommandLine.Internal.ConsoleLogger., took 0 ms.
TpTrace Verbose: 0 : 14192, 4, 2023/08/03, 16:25:16.631, 4913583517724, vstest.console.dll, MulticastDelegateUtilities.SafeInvoke: InternalTestLoggerEvents.SendTestResult: Invoking callback 1/1 for Microsoft.VisualStudio.TestPlatform.CommandLine.Internal.ConsoleLogger., took 0 ms.
TpTrace Verbose: 0 : 14192, 12, 2023/08/03, 16:25:16.637, 4913583578832, vstest.console.dll, TcpClientExtensions.MessageLoopAsync: NotifyDataAvailable remoteEndPoint: 127.0.0.1:60172 localEndPoint: 127.0.0.1:60171
TpTrace Verbose: 0 : 14192, 12, 2023/08/03, 16:25:16.637, 4913583581277, vstest.console.dll, TestRequestSender.OnExecutionMessageReceived: Received message: {"Version":7,"MessageType":"TestExecution.StatsChange","Payload":{"NewTestResults":[{"TestCase":{"Id":"3227c96a-602d-d76b-03fc-a1397bc7eeb0","FullyQualifiedName":"ParcelCostCalculation.Test.ParcelCostCalculationTest.ParcelCost_RejectANDLargeParcel_ShouldReturn_Reject","DisplayName":"ParcelCostCalculation.Test.ParcelCostCalculationTest.ParcelCost_RejectANDLargeParcel_ShouldReturn_Reject(Weight: 60, Width: 10, Height: 26, Depth: 10)","ExecutorUri":"executor://xunit/VsTestRunner2/netcoreapp","Source":"C:\\Repo\\ParcelCostCalculation\\ParcelCostCalculation.Test\\bin\\Debug\\net7.0\\fine-code-coverage\\build-output\\ParcelCostCalculation.Test.dll","CodeFilePath":null,"LineNumber":0,"Properties":[]},"Attachments":[],"Outcome":1,"ErrorMessage":null,"ErrorStackTrace":null,"DisplayName":"ParcelCostCalculation.Test.ParcelCostCalculationTest.ParcelCost_RejectANDLargeParcel_ShouldReturn_Reject(Weight: 60, Width: 10, Height: 26, Depth: 10)","Messages":[],"ComputerName":"PC","Duration":"00:00:00.0004236","StartTime":"2023-08-03T06:25:16.6187414+00:00","EndTime":"2023-08-03T06:25:16.6187415+00:00","Properties":[]},{"TestCase":{"Id":"c29c66a3-188b-dd0c-ecd1-997d877ecb2e","FullyQualifiedName":"ParcelCostCalculation.Test.ParcelCostCalculationTest.ParcelCost_InputWeightIsNull_ShouldReturn_WeightNull","DisplayName":"ParcelCostCalculation.Test.ParcelCostCalculationTest.ParcelCost_InputWeightIsNull_ShouldReturn_WeightNull(Weight: 0, Width: 10, Height: 10, Depth: 10)","ExecutorUri":"executor://xunit/VsTestRunner2/netcoreapp","Source":"C:\\Repo\\ParcelCostCalculation\\ParcelCostCalculation.Test\\bin\\Debug\\net7.0\\fine-code-coverage\\build-output\\ParcelCostCalculation.Test.dll","CodeFilePath":null,"LineNumber":0,"Properties":[]},"Attachments":[],"Outcome":1,"ErrorMessage":null,"ErrorStackTrace":null,"DisplayName":"ParcelCostCalculation.Test.ParcelCostCalculationTest.ParcelCost_InputWeightIsNull_ShouldReturn_WeightNull(Weight: 0, Width: 10, Height: 10, Depth: 10)","Messages":[],"ComputerName":"PC","Duration":"00:00:00.0004088","StartTime":"2023-08-03T06:25:16.6204188+00:00","EndTime":"2023-08-03T06:25:16.6204189+00:00","Properties":[]},{"TestCase":{"Id":"8cd12b96-37e8-acee-9330-2fcd35a2525a","FullyQualifiedName":"ParcelCostCalculation.Test.ParcelCostCalculationTest.ParcelCost_LargeParcel_ShouldReturn_LargeParcel","DisplayName":"ParcelCostCalculation.Test.ParcelCostCalculationTest.ParcelCost_LargeParcel_ShouldReturn_LargeParcel(Weight: 8, Width: 25, Height: 100, Depth: 10)","ExecutorUri":"executor://xunit/VsTestRunner2/netcoreapp","Source":"C:\\Repo\\ParcelCostCalculation\\ParcelCostCalculation.Test\\bin\\Debug\\net7.0\\fine-code-coverage\\build-output\\ParcelCostCalculation.Test.dll","CodeFilePath":null,"LineNumber":0,"Properties":[]},"Attachments":[],"Outcome":1,"ErrorMessage":null,"ErrorStackTrace":null,"DisplayName":"ParcelCostCalculation.Test.ParcelCostCalculationTest.ParcelCost_LargeParcel_ShouldReturn_LargeParcel(Weight: 8, Width: 25, Height: 100, Depth: 10)","Messages":[],"ComputerName":"PC","Duration":"00:00:00.0004816","StartTime":"2023-08-03T06:25:16.6219122+00:00","EndTime":"2023-08-03T06:25:16.6219123+00:00","Properties":[]},{"TestCase":{"Id":"2af14f60-8686-db24-c30d-356df24bad63","FullyQualifiedName":"ParcelCostCalculation.Test.ParcelCostCalculationTest.ParcelCost_LargeParcel_ShouldReturn_LargeParcel","DisplayName":"ParcelCostCalculation.Test.ParcelCostCalculationTest.ParcelCost_LargeParcel_ShouldReturn_LargeParcel(Weight: 9, Width: 10, Height: 26, Depth: 10)","ExecutorUri":"executor://xunit/VsTestRunner2/netcoreapp","Source":"C:\\Repo\\ParcelCostCalculation\\ParcelCostCalculation.Test\\bin\\Debug\\net7.0\\fine-code-coverage\\build-output\\ParcelCostCalculation.Test.dll","CodeFilePath":null,"LineNumber":0,"Properties":[]},"Attachments":[],"Outcome":1,"ErrorMessage":null,"ErrorStackTrace":null,"DisplayName":"ParcelCostCalculation.Test.ParcelCostCalculationTest.ParcelCost_LargeParcel_ShouldReturn_LargeParcel(Weight: 9, Width: 10, Height: 26, Depth: 10)","Messages":[],"ComputerName":"PC","Duration":"00:00:00.0001225","StartTime":"2023-08-03T06:25:16.6271832+00:00","EndTime":"2023-08-03T06:25:16.6271833+00:00","Properties":[]},{"TestCase":{"Id":"2997c7a0-2e7c-006b-a075-1894c01aeec9","FullyQualifiedName":"ParcelCostCalculation.Test.ParcelCostCalculationTest.ParcelCost_RejectANDSmallParcel_ShouldReturn_Reject","DisplayName":"ParcelCostCalculation.Test.ParcelCostCalculationTest.ParcelCost_RejectANDSmallParcel_ShouldReturn_Reject(Weight: 60, Width: 10, Height: 10, Depth: 10)","ExecutorUri":"executor://xunit/VsTestRunner2/netcoreapp","Source":"C:\\Repo\\ParcelCostCalculation\\ParcelCostCalculation.Test\\bin\\Debug\\net7.0\\fine-code-coverage\\build-output\\ParcelCostCalculation.Test.dll","CodeFilePath":null,"LineNumber":0,"Properties":[]},"Attachments":[],"Outcome":1,"ErrorMessage":null,"ErrorStackTrace":null,"DisplayName":"ParcelCostCalculation.Test.ParcelCostCalculationTest.ParcelCost_RejectANDSmallParcel_ShouldReturn_Reject(Weight: 60, Width: 10, Height: 10, Depth: 10)","Messages":[],"ComputerName":"PC","Duration":"00:00:00.0003941","StartTime":"2023-08-03T06:25:16.6289411+00:00","EndTime":"2023-08-03T06:25:16.6289412+00:00","Properties":[]},{"TestCase":{"Id":"1ce2b99b-74dd-320d-cbba-cc1f3d012d6f","FullyQualifiedName":"ParcelCostCalculation.Test.ParcelCostCalculationTest.ParcelCost_InputWidthIsNull_ShouldReturn_WidthNull","DisplayName":"ParcelCostCalculation.Test.ParcelCostCalculationTest.ParcelCost_InputWidthIsNull_ShouldReturn_WidthNull(Weight: 10, Width: 0, Height: 10, Depth: 10)","ExecutorUri":"executor://xunit/VsTestRunner2/netcoreapp","Source":"C:\\Repo\\ParcelCostCalculation\\ParcelCostCalculation.Test\\bin\\Debug\\net7.0\\fine-code-coverage\\build-output\\ParcelCostCalculation.Test.dll","CodeFilePath":null,"LineNumber":0,"Properties":[]},"Attachments":[],"Outcome":1,"ErrorMessage":null,"ErrorStackTrace":null,"DisplayName":"ParcelCostCalculation.Test.ParcelCostCalculationTest.ParcelCost_InputWidthIsNull_ShouldReturn_WidthNull(Weight: 10, Width: 0, Height: 10, Depth: 10)","Messages":[],"ComputerName":"PC","Duration":"00:00:00.0003681","StartTime":"2023-08-03T06:25:16.6304363+00:00","EndTime":"2023-08-03T06:25:16.6304364+00:00","Properties":[]},{"TestCase":{"Id":"49bff90a-6a76-4908-4c56-5ac88ca48456","FullyQualifiedName":"ParcelCostCalculation.Test.ParcelCostCalculationTest.ParcelCost_SmallParcel_ShouldReturn_SmallParcel","DisplayName":"ParcelCostCalculation.Test.ParcelCostCalculationTest.ParcelCost_SmallParcel_ShouldReturn_SmallParcel(Weight: 8, Width: 10, Height: 10, Depth: 10)","ExecutorUri":"executor://xunit/VsTestRunner2/netcoreapp","Source":"C:\\Repo\\ParcelCostCalculation\\ParcelCostCalculation.Test\\bin\\Debug\\net7.0\\fine-code-coverage\\build-output\\ParcelCostCalculation.Test.dll","CodeFilePath":null,"LineNumber":0,"Properties":[]},"Attachments":[],"Outcome":1,"ErrorMessage":null,"ErrorStackTrace":null,"DisplayName":"ParcelCostCalculation.Test.ParcelCostCalculationTest.ParcelCost_SmallParcel_ShouldReturn_SmallParcel(Weight: 8, Width: 10, Height: 10, Depth: 10)","Messages":[],"ComputerName":"PC","Duration":"00:00:00.0004498","StartTime":"2023-08-03T06:25:16.6320804+00:00","EndTime":"2023-08-03T06:25:16.6320805+00:00","Properties":[]},{"TestCase":{"Id":"f7585e25-b101-446c-97b1-2f453baff70e","FullyQualifiedName":"ParcelCostCalculation.Test.ParcelCostCalculationTest.ParcelCost_SmallParcel_ShouldReturn_SmallParcel","DisplayName":"ParcelCostCalculation.Test.ParcelCostCalculationTest.ParcelCost_SmallParcel_ShouldReturn_SmallParcel(Weight: 9, Width: 1, Height: 15, Depth: 10)","ExecutorUri":"executor://xunit/VsTestRunner2/netcoreapp","Source":"C:\\Repo\\ParcelCostCalculation\\ParcelCostCalculation.Test\\bin\\Debug\\net7.0\\fine-code-coverage\\build-output\\ParcelCostCalculation.Test.dll","CodeFilePath":null,"LineNumber":0,"Properties":[]},"Attachments":[],"Outcome":1,"ErrorMessage":null,"ErrorStackTrace":null,"DisplayName":"ParcelCostCalculation.Test.ParcelCostCalculationTest.ParcelCost_SmallParcel_ShouldReturn_SmallParcel(Weight: 9, Width: 1, Height: 15, Depth: 10)","Messages":[],"ComputerName":"PC","Duration":"00:00:00.0001274","StartTime":"2023-08-03T06:25:16.633654+00:00","EndTime":"2023-08-03T06:25:16.6336541+00:00","Properties":[]},{"TestCase":{"Id":"a4e2f7f6-a22f-6c00-08e8-892177eadadd","FullyQualifiedName":"ParcelCostCalculation.Test.ParcelCostCalculationTest.ParcelCost_HeavyParcelANDLargeParcel_ShouldReturn_HeavyParcel","DisplayName":"ParcelCostCalculation.Test.ParcelCostCalculationTest.ParcelCost_HeavyParcelANDLargeParcel_ShouldReturn_HeavyParcel(Weight: 12, Width: 10, Height: 26, Depth: 10)","ExecutorUri":"executor://xunit/VsTestRunner2/netcoreapp","Source":"C:\\Repo\\ParcelCostCalculation\\ParcelCostCalculation.Test\\bin\\Debug\\net7.0\\fine-code-coverage\\build-output\\ParcelCostCalculation.Test.dll","CodeFilePath":null,"LineNumber":0,"Properties":[]},"Attachments":[],"Outcome":1,"ErrorMessage":null,"ErrorStackTrace":null,"DisplayName":"ParcelCostCalculation.Test.ParcelCostCalculationTest.ParcelCost_HeavyParcelANDLargeParcel_ShouldReturn_HeavyParcel(Weight: 12, Width: 10, Height: 26, Depth: 10)","Messages":[],"ComputerName":"PC","Duration":"00:00:00.0003689","StartTime":"2023-08-03T06:25:16.635124+00:00","EndTime":"2023-08-03T06:25:16.6351241+00:00","Properties":[]}],"TestRunStatistics":{"ExecutedTests":18,"Stats":{"Passed":18}},"ActiveTests":[{"Id":"39dc5b90-3a42-eb52-c1a8-57299713257c","FullyQualifiedName":"ParcelCostCalculation.Test.ParcelCostCalculationTest.ParcelCost_HeavyParcel_ShouldReturn_HeavyParcel","DisplayName":"ParcelCostCalculation.Test.ParcelCostCalculationTest.ParcelCost_HeavyParcel_ShouldReturn_HeavyParcel(Weight: 11)","ExecutorUri":"executor://xunit/VsTestRunner2/netcoreapp","Source":"C:\\Repo\\ParcelCostCalculation\\ParcelCostCalculation.Test\\bin\\Debug\\net7.0\\fine-code-coverage\\build-output\\ParcelCostCalculation.Test.dll","CodeFilePath":null,"LineNumber":0,"Properties":[]}]}}
TpTrace Verbose: 0 : 14192, 12, 2023/08/03, 16:25:16.638, 4913583589976, vstest.console.dll, TestRunRequest:SendTestRunStatsChange: Starting.
TpTrace Verbose: 0 : 14192, 12, 2023/08/03, 16:25:16.638, 4913583590605, vstest.console.dll, InProgress is ParcelCostCalculation.Test.ParcelCostCalculationTest.ParcelCost_HeavyParcel_ShouldReturn_HeavyParcel(Weight: 11)
TpTrace Verbose: 0 : 14192, 12, 2023/08/03, 16:25:16.638, 4913583591075, vstest.console.dll, MulticastDelegateUtilities.SafeInvoke: TestRun.RunStatsChanged: Invoking callbacks was skipped because there are no subscribers.
TpTrace Information: 0 : 14192, 12, 2023/08/03, 16:25:16.638, 4913583591416, vstest.console.dll, TestRunRequest:SendTestRunStatsChange: Completed.
TpTrace Verbose: 0 : 14192, 4, 2023/08/03, 16:25:16.638, 4913583591594, vstest.console.dll, MulticastDelegateUtilities.SafeInvoke: InternalTestLoggerEvents.SendTestResult: Invoking callback 1/1 for Microsoft.VisualStudio.TestPlatform.CommandLine.Internal.ConsoleLogger., took 0 ms.
TpTrace Verbose: 0 : 14192, 4, 2023/08/03, 16:25:16.638, 4913583592317, vstest.console.dll, MulticastDelegateUtilities.SafeInvoke: InternalTestLoggerEvents.SendTestResult: Invoking callback 1/1 for Microsoft.VisualStudio.TestPlatform.CommandLine.Internal.ConsoleLogger., took 0 ms.
TpTrace Verbose: 0 : 14192, 12, 2023/08/03, 16:25:16.638, 4913583592437, vstest.console.dll, MulticastDelegateUtilities.SafeInvoke: LengthPrefixCommunicationChannel: MessageReceived: Invoking callback 1/1 for Microsoft.VisualStudio.TestPlatform.CommunicationUtilities.TestRequestSender+<>c__DisplayClass34_0., took 1 ms.
TpTrace Verbose: 0 : 14192, 4, 2023/08/03, 16:25:16.638, 4913583592930, vstest.console.dll, MulticastDelegateUtilities.SafeInvoke: InternalTestLoggerEvents.SendTestResult: Invoking callback 1/1 for Microsoft.VisualStudio.TestPlatform.CommandLine.Internal.ConsoleLogger., took 0 ms.
TpTrace Verbose: 0 : 14192, 12, 2023/08/03, 16:25:16.638, 4913583593409, vstest.console.dll, TcpClientExtensions.MessageLoopAsync: Polling on remoteEndPoint: 127.0.0.1:60172 localEndPoint: 127.0.0.1:60171
TpTrace Verbose: 0 : 14192, 4, 2023/08/03, 16:25:16.638, 4913583594131, vstest.console.dll, MulticastDelegateUtilities.SafeInvoke: InternalTestLoggerEvents.SendTestResult: Invoking callback 1/1 for Microsoft.VisualStudio.TestPlatform.CommandLine.Internal.ConsoleLogger., took 0 ms.
TpTrace Verbose: 0 : 14192, 4, 2023/08/03, 16:25:16.638, 4913583594649, vstest.console.dll, MulticastDelegateUtilities.SafeInvoke: InternalTestLoggerEvents.SendTestResult: Invoking callback 1/1 for Microsoft.VisualStudio.TestPlatform.CommandLine.Internal.ConsoleLogger., took 0 ms.
TpTrace Verbose: 0 : 14192, 4, 2023/08/03, 16:25:16.638, 4913583595132, vstest.console.dll, MulticastDelegateUtilities.SafeInvoke: InternalTestLoggerEvents.SendTestResult: Invoking callback 1/1 for Microsoft.VisualStudio.TestPlatform.CommandLine.Internal.ConsoleLogger., took 0 ms.
TpTrace Verbose: 0 : 14192, 4, 2023/08/03, 16:25:16.638, 4913583595912, vstest.console.dll, MulticastDelegateUtilities.SafeInvoke: InternalTestLoggerEvents.SendTestResult: Invoking callback 1/1 for Microsoft.VisualStudio.TestPlatform.CommandLine.Internal.ConsoleLogger., took 0 ms.
TpTrace Verbose: 0 : 14192, 4, 2023/08/03, 16:25:16.639, 4913583596517, vstest.console.dll, MulticastDelegateUtilities.SafeInvoke: InternalTestLoggerEvents.SendTestResult: Invoking callback 1/1 for Microsoft.VisualStudio.TestPlatform.CommandLine.Internal.ConsoleLogger., took 0 ms.
TpTrace Verbose: 0 : 14192, 4, 2023/08/03, 16:25:16.639, 4913583597265, vstest.console.dll, MulticastDelegateUtilities.SafeInvoke: InternalTestLoggerEvents.SendTestResult: Invoking callback 1/1 for Microsoft.VisualStudio.TestPlatform.CommandLine.Internal.ConsoleLogger., took 0 ms.
TpTrace Verbose: 0 : 14192, 12, 2023/08/03, 16:25:16.644, 4913583647783, vstest.console.dll, TcpClientExtensions.MessageLoopAsync: NotifyDataAvailable remoteEndPoint: 127.0.0.1:60172 localEndPoint: 127.0.0.1:60171
TpTrace Verbose: 0 : 14192, 12, 2023/08/03, 16:25:16.644, 4913583649585, vstest.console.dll, TestRequestSender.OnExecutionMessageReceived: Received message: {"Version":7,"MessageType":"TestSession.Message","Payload":{"MessageLevel":0,"Message":"[xUnit.net 00:00:01.68]   Finished:    ParcelCostCalculation.Test"}}
TpTrace Verbose: 0 : 14192, 12, 2023/08/03, 16:25:16.644, 4913583650888, vstest.console.dll, TestRunRequest:SendTestRunMessage: Starting.
TpTrace Verbose: 0 : 14192, 12, 2023/08/03, 16:25:16.644, 4913583651486, vstest.console.dll, MulticastDelegateUtilities.SafeInvoke: TestRun.LogMessages: Invoking callback 1/1 for Microsoft.VisualStudio.TestPlatform.CommandLine.TestRunResultAggregator., took 0 ms.
TpTrace Verbose: 0 : 14192, 4, 2023/08/03, 16:25:16.644, 4913583651648, vstest.console.dll, MulticastDelegateUtilities.SafeInvoke: InternalTestLoggerEvents.SendTestRunMessage: Invoking callback 1/1 for Microsoft.VisualStudio.TestPlatform.CommandLine.Internal.ConsoleLogger., took 0 ms.
TpTrace Information: 0 : 14192, 12, 2023/08/03, 16:25:16.644, 4913583651946, vstest.console.dll, TestRunRequest:SendTestRunMessage: Completed.
TpTrace Verbose: 0 : 14192, 12, 2023/08/03, 16:25:16.644, 4913583652873, vstest.console.dll, MulticastDelegateUtilities.SafeInvoke: LengthPrefixCommunicationChannel: MessageReceived: Invoking callback 1/1 for Microsoft.VisualStudio.TestPlatform.CommunicationUtilities.TestRequestSender+<>c__DisplayClass34_0., took 0 ms.
TpTrace Verbose: 0 : 14192, 12, 2023/08/03, 16:25:16.644, 4913583653220, vstest.console.dll, TcpClientExtensions.MessageLoopAsync: Polling on remoteEndPoint: 127.0.0.1:60172 localEndPoint: 127.0.0.1:60171
TpTrace Verbose: 0 : 14192, 12, 2023/08/03, 16:25:16.659, 4913583796335, vstest.console.dll, TcpClientExtensions.MessageLoopAsync: NotifyDataAvailable remoteEndPoint: 127.0.0.1:60172 localEndPoint: 127.0.0.1:60171
TpTrace Verbose: 0 : 14192, 12, 2023/08/03, 16:25:16.659, 4913583798451, vstest.console.dll, TestRequestSender.OnExecutionMessageReceived: Received message: {"Version":7,"MessageType":"TestExecution.Completed","Payload":{"TestRunCompleteArgs":{"TestRunStatistics":{"ExecutedTests":21,"Stats":{"Passed":21}},"IsCanceled":false,"IsAborted":false,"Error":null,"AttachmentSets":[],"InvokedDataCollectors":[],"ElapsedTimeInRunningTests":"00:00:01.6989465","Metrics":{},"DiscoveredExtensions":{"TestDiscoverers":["Xunit.Runner.VisualStudio.VsTestRunner, xunit.runner.visualstudio.dotnetcore.testadapter, Version=2.5.0.0, Culture=neutral, PublicKeyToken=8d05b1bb7a6fdb6c"],"TestExecutors":["executor://xunit/VsTestRunner2/netcoreapp"],"TestExecutors2":[],"TestSettingsProviders":[]}},"LastRunTests":{"NewTestResults":[{"TestCase":{"Id":"39dc5b90-3a42-eb52-c1a8-57299713257c","FullyQualifiedName":"ParcelCostCalculation.Test.ParcelCostCalculationTest.ParcelCost_HeavyParcel_ShouldReturn_HeavyParcel","DisplayName":"ParcelCostCalculation.Test.ParcelCostCalculationTest.ParcelCost_HeavyParcel_ShouldReturn_HeavyParcel(Weight: 11)","ExecutorUri":"executor://xunit/VsTestRunner2/netcoreapp","Source":"C:\\Repo\\ParcelCostCalculation\\ParcelCostCalculation.Test\\bin\\Debug\\net7.0\\fine-code-coverage\\build-output\\ParcelCostCalculation.Test.dll","CodeFilePath":null,"LineNumber":0,"Properties":[]},"Attachments":[],"Outcome":1,"ErrorMessage":null,"ErrorStackTrace":null,"DisplayName":"ParcelCostCalculation.Test.ParcelCostCalculationTest.ParcelCost_HeavyParcel_ShouldReturn_HeavyParcel(Weight: 11)","Messages":[],"ComputerName":"PC","Duration":"00:00:00.0003458","StartTime":"2023-08-03T06:25:16.6379816+00:00","EndTime":"2023-08-03T06:25:16.6379816+00:00","Properties":[]},{"TestCase":{"Id":"ef7b3b6f-d79f-8562-bd68-a9adf86e98b1","FullyQualifiedName":"ParcelCostCalculation.Test.ParcelCostCalculationTest.ParcelCost_HeavyParcel_ShouldReturn_HeavyParcel","DisplayName":"ParcelCostCalculation.Test.ParcelCostCalculationTest.ParcelCost_HeavyParcel_ShouldReturn_HeavyParcel(Weight: 49)","ExecutorUri":"executor://xunit/VsTestRunner2/netcoreapp","Source":"C:\\Repo\\ParcelCostCalculation\\ParcelCostCalculation.Test\\bin\\Debug\\net7.0\\fine-code-coverage\\build-output\\ParcelCostCalculation.Test.dll","CodeFilePath":null,"LineNumber":0,"Properties":[]},"Attachments":[],"Outcome":1,"ErrorMessage":null,"ErrorStackTrace":null,"DisplayName":"ParcelCostCalculation.Test.ParcelCostCalculationTest.ParcelCost_HeavyParcel_ShouldReturn_HeavyParcel(Weight: 49)","Messages":[],"ComputerName":"PC","Duration":"00:00:00.0001521","StartTime":"2023-08-03T06:25:16.6398024+00:00","EndTime":"2023-08-03T06:25:16.6398025+00:00","Properties":[]},{"TestCase":{"Id":"0d177947-c172-b7b1-66f8-863239996783","FullyQualifiedName":"ParcelCostCalculation.Test.ParcelCostCalculationTest.ParcelCost_RejectANDMediumParcel_ShouldReturn_Reject","DisplayName":"ParcelCostCalculation.Test.ParcelCostCalculationTest.ParcelCost_RejectANDMediumParcel_ShouldReturn_Reject(Weight: 60, Width: 10, Height: 14, Depth: 10)","ExecutorUri":"executor://xunit/VsTestRunner2/netcoreapp","Source":"C:\\Repo\\ParcelCostCalculation\\ParcelCostCalculation.Test\\bin\\Debug\\net7.0\\fine-code-coverage\\build-output\\ParcelCostCalculation.Test.dll","CodeFilePath":null,"LineNumber":0,"Properties":[]},"Attachments":[],"Outcome":1,"ErrorMessage":null,"ErrorStackTrace":null,"DisplayName":"ParcelCostCalculation.Test.ParcelCostCalculationTest.ParcelCost_RejectANDMediumParcel_ShouldReturn_Reject(Weight: 60, Width: 10, Height: 14, Depth: 10)","Messages":[],"ComputerName":"PC","Duration":"00:00:00.0004045","StartTime":"2023-08-03T06:25:16.6413967+00:00","EndTime":"2023-08-03T06:25:16.6413968+00:00","Properties":[]}],"TestRunStatistics":{"ExecutedTests":21,"Stats":{"Passed":21}},"ActiveTests":[]},"RunAttachments":[],"ExecutorUris":["executor://xunit/VsTestRunner2/netcoreapp"]}}
TpTrace Verbose: 0 : 14192, 12, 2023/08/03, 16:25:16.659, 4913583799281, vstest.console.dll, TestRequestSender.EndSession: Sending end session.
TpTrace Verbose: 0 : 14192, 12, 2023/08/03, 16:25:16.659, 4913583800860, vstest.console.dll, ProxyOperationManager.Close: waiting for test host to exit for 100 ms
TpTrace Warning: 0 : 14192, 11, 2023/08/03, 16:25:16.693, 4913584138151, vstest.console.dll, TestHostManagerCallbacks.ErrorReceivedCallback Test host standard error line: 
TpTrace Verbose: 0 : 14192, 11, 2023/08/03, 16:25:16.702, 4913584229961, vstest.console.dll, TestHostProvider.ExitCallBack: Host exited starting callback.
TpTrace Information: 0 : 14192, 11, 2023/08/03, 16:25:16.702, 4913584232168, vstest.console.dll, TestHostManagerCallbacks.ExitCallBack: Testhost processId: 38748 exited with exitcode: 0 error: ''
TpTrace Verbose: 0 : 14192, 11, 2023/08/03, 16:25:16.702, 4913584232620, vstest.console.dll, DotnetTestHostManager.OnHostExited: invoking OnHostExited callback
TpTrace Verbose: 0 : 14192, 11, 2023/08/03, 16:25:16.702, 4913584233372, vstest.console.dll, CrossPlatEngine.TestHostManagerHostExited: calling on client process exit callback.
TpTrace Information: 0 : 14192, 11, 2023/08/03, 16:25:16.702, 4913584233895, vstest.console.dll, TestRequestSender.OnClientProcessExit: Test host process exited. Standard error: 
TpTrace Information: 0 : 14192, 11, 2023/08/03, 16:25:16.702, 4913584234517, vstest.console.dll, SocketServer.Stop: Stop server endPoint: 127.0.0.1:60171
TpTrace Information: 0 : 14192, 12, 2023/08/03, 16:25:16.702, 4913584234835, vstest.console.dll, SocketServer.Stop: Stop server endPoint: 127.0.0.1:60171
TpTrace Information: 0 : 14192, 11, 2023/08/03, 16:25:16.702, 4913584234972, vstest.console.dll, SocketServer.Stop: Cancellation requested. Stopping message loop.
TpTrace Information: 0 : 14192, 12, 2023/08/03, 16:25:16.702, 4913584235635, vstest.console.dll, SocketServer.Stop: Cancellation requested. Stopping message loop.
TpTrace Information: 0 : 14192, 12, 2023/08/03, 16:25:16.703, 4913584237302, vstest.console.dll, Closing the connection
TpTrace Verbose: 0 : 14192, 11, 2023/08/03, 16:25:16.703, 4913584236669, vstest.console.dll, MulticastDelegateUtilities.SafeInvoke: HostProviderEvents.OnHostExited: Invoking callback 1/1 for Microsoft.VisualStudio.TestPlatform.CrossPlatEngine.Client.ProxyOperationManager., took 0 ms.
TpTrace Verbose: 0 : 14192, 12, 2023/08/03, 16:25:16.703, 4913584240267, vstest.console.dll, ProxyDataCollectionManager.InvokeDataCollectionServiceAction: Starting.
TpTrace Information: 0 : 14192, 12, 2023/08/03, 16:25:16.703, 4913584240888, vstest.console.dll, ProxyDataCollectionManager.AfterTestRunEnd: Get attachment set and invoked data collectors processId: 28536 port: 60168
TpTrace Verbose: 0 : 14192, 12, 2023/08/03, 16:25:16.703, 4913584241347, vstest.console.dll, DataCollectionRequestSender.SendAfterTestRunStartAndGetResult: Send AfterTestRunEnd message with isCancelled: False
TpTrace Verbose: 0 : 14192, 12, 2023/08/03, 16:25:16.710, 4913584309500, vstest.console.dll, DataCollectionRequestSender.SendAfterTestRunStartAndGetResult: Received message: (DataCollection.AfterTestRunEndResult) -> {"MessageType":"DataCollection.AfterTestRunEndResult","Payload":{"AttachmentSets":[],"InvokedDataCollectors":[{"Uri":"datacollector://Microsoft/TestPlatform/Extensions/Blame/v1","FriendlyName":"Blame","AssemblyQualifiedName":"Microsoft.TestPlatform.Extensions.BlameDataCollector.BlameCollector, Microsoft.TestPlatform.Extensions.BlameDataCollector, Version=15.0.0.0, Culture=neutral, PublicKeyToken=b03f5f7f11d50a3a","FilePath":"C:\\Program Files\\dotnet\\sdk\\7.0.304\\Extensions\\Microsoft.TestPlatform.Extensions.BlameDataCollector.dll","HasAttachmentProcessor":false}],"Metrics":{}}}
TpTrace Information: 0 : 14192, 12, 2023/08/03, 16:25:16.715, 4913584361810, vstest.console.dll, ProxyDataCollectionManager.InvokeDataCollectionServiceAction: Completed.
TpTrace Warning: 0 : 14192, 10, 2023/08/03, 16:25:16.738, 4913584591662, vstest.console.dll, DataCollectionLauncher.ErrorReceivedCallback datacollector standard error line: 
TpTrace Information: 0 : 14192, 10, 2023/08/03, 16:25:16.746, 4913584673323, vstest.console.dll, DataCollectionLauncher.ExitCallBack: Data collector exited with exitcode: 0 error: ''
TpTrace Verbose: 0 : 14192, 12, 2023/08/03, 16:25:16.751, 4913584724338, vstest.console.dll, TestRunRequest:SendTestRunStatsChange: Starting.
TpTrace Verbose: 0 : 14192, 12, 2023/08/03, 16:25:16.751, 4913584726018, vstest.console.dll, MulticastDelegateUtilities.SafeInvoke: TestRun.RunStatsChanged: Invoking callbacks was skipped because there are no subscribers.
TpTrace Information: 0 : 14192, 12, 2023/08/03, 16:25:16.752, 4913584726516, vstest.console.dll, TestRunRequest:SendTestRunStatsChange: Completed.
TpTrace Verbose: 0 : 14192, 4, 2023/08/03, 16:25:16.752, 4913584727376, vstest.console.dll, MulticastDelegateUtilities.SafeInvoke: InternalTestLoggerEvents.SendTestResult: Invoking callback 1/1 for Microsoft.VisualStudio.TestPlatform.CommandLine.Internal.ConsoleLogger., took 0 ms.
TpTrace Verbose: 0 : 14192, 4, 2023/08/03, 16:25:16.752, 4913584728583, vstest.console.dll, MulticastDelegateUtilities.SafeInvoke: InternalTestLoggerEvents.SendTestResult: Invoking callback 1/1 for Microsoft.VisualStudio.TestPlatform.CommandLine.Internal.ConsoleLogger., took 0 ms.
TpTrace Verbose: 0 : 14192, 4, 2023/08/03, 16:25:16.752, 4913584729174, vstest.console.dll, MulticastDelegateUtilities.SafeInvoke: InternalTestLoggerEvents.SendTestResult: Invoking callback 1/1 for Microsoft.VisualStudio.TestPlatform.CommandLine.Internal.ConsoleLogger., took 0 ms.
TpTrace Verbose: 0 : 14192, 12, 2023/08/03, 16:25:16.752, 4913584731094, vstest.console.dll, ParallelProxyExecutionManager: HandlePartialRunComplete: Total completed clients = 1, Run complete = True, Run canceled: False.
TpTrace Verbose: 0 : 14192, 4, 2023/08/03, 16:25:16.760, 4913584810488, vstest.console.dll, MulticastDelegateUtilities.SafeInvoke: InternalTestLoggerEvents.SendTestRunComplete: Invoking callback 1/2 for Microsoft.TestPlatform.Extensions.BlameDataCollector.BlameLogger., took 0 ms.
TpTrace Verbose: 0 : 14192, 4, 2023/08/03, 16:25:16.765, 4913584860417, vstest.console.dll, MulticastDelegateUtilities.SafeInvoke: InternalTestLoggerEvents.SendTestRunComplete: Invoking callback 2/2 for Microsoft.VisualStudio.TestPlatform.CommandLine.Internal.ConsoleLogger., took 4 ms.
TpTrace Verbose: 0 : 14192, 12, 2023/08/03, 16:25:16.765, 4913584864687, vstest.console.dll, TestRunRequest:TestRunComplete: Starting. IsAborted:False IsCanceled:False.
TpTrace Verbose: 0 : 14192, 12, 2023/08/03, 16:25:16.767, 4913584877390, vstest.console.dll, TestLoggerManager.HandleTestRunComplete: Ignoring as the object is disposed.
TpTrace Verbose: 0 : 14192, 12, 2023/08/03, 16:25:16.767, 4913584880332, vstest.console.dll, MulticastDelegateUtilities.SafeInvoke: TestRun.TestRunComplete: Invoking callback 1/2 for Microsoft.VisualStudio.TestPlatform.CommandLine.TestRunResultAggregator., took 0 ms.
TpTrace Verbose: 0 : 14192, 12, 2023/08/03, 16:25:16.767, 4913584882126, vstest.console.dll, MulticastDelegateUtilities.SafeInvoke: TestRun.TestRunComplete: Invoking callback 2/2 for Microsoft.VisualStudio.TestPlatform.CommandLine.Processors.RunTestsArgumentExecutor+TestRunRequestEventsRegistrar., took 0 ms.
TpTrace Information: 0 : 14192, 12, 2023/08/03, 16:25:16.767, 4913584883207, vstest.console.dll, TestRunRequest:TestRunComplete: Completed.
TpTrace Verbose: 0 : 14192, 12, 2023/08/03, 16:25:16.767, 4913584883756, vstest.console.dll, TestRequestSender.SetOperationComplete: Setting operation complete.
TpTrace Verbose: 0 : 14192, 1, 2023/08/03, 16:25:16.767, 4913584883721, vstest.console.dll, TestRunRequest.Dispose: Starting.
TpTrace Information: 0 : 14192, 12, 2023/08/03, 16:25:16.767, 4913584884149, vstest.console.dll, SocketServer.Stop: Stop server endPoint: 127.0.0.1:60171
TpTrace Information: 0 : 14192, 12, 2023/08/03, 16:25:16.767, 4913584885646, vstest.console.dll, SocketServer.Stop: Cancellation requested. Stopping message loop.
TpTrace Verbose: 0 : 14192, 12, 2023/08/03, 16:25:16.767, 4913584886002, vstest.console.dll, MulticastDelegateUtilities.SafeInvoke: LengthPrefixCommunicationChannel: MessageReceived: Invoking callback 1/1 for Microsoft.VisualStudio.TestPlatform.CommunicationUtilities.TestRequestSender+<>c__DisplayClass34_0., took 108 ms.
TpTrace Information: 0 : 14192, 1, 2023/08/03, 16:25:16.767, 4913584885089, vstest.console.dll, TestRunRequest.Dispose: Completed.
TpTrace Information: 0 : 14192, 12, 2023/08/03, 16:25:16.768, 4913584886445, vstest.console.dll, SocketServer.PrivateStop: Stopping server endPoint: 127.0.0.1:60171 error: 
TpTrace Information: 0 : 14192, 1, 2023/08/03, 16:25:16.768, 4913584887129, vstest.console.dll, TestRequestManager.RunTests: run tests completed.
TpTrace Information: 0 : 14192, 1, 2023/08/03, 16:25:16.768, 4913584888662, vstest.console.dll, RunTestsArgumentProcessor:Execute: Test run is completed.
TpTrace Verbose: 0 : 14192, 1, 2023/08/03, 16:25:16.768, 4913584890907, vstest.console.dll, Executor.Execute: Exiting with exit code of 0
TpTrace Verbose: 0 : 14192, 12, 2023/08/03, 16:25:16.768, 4913584892885, vstest.console.dll, LengthPrefixCommunicationChannel.Dispose: Dispose reader and writer.
TpTrace Information: 0 : 14192, 12, 2023/08/03, 16:25:16.768, 4913584893814, vstest.console.dll, SocketServer.Stop: Raise disconnected event endPoint: 127.0.0.1:60171 error: 
TpTrace Verbose: 0 : 14192, 12, 2023/08/03, 16:25:16.768, 4913584894585, vstest.console.dll, TestRequestSender: OnTestRunAbort: Operation is already complete. Skip error message.
TpTrace Verbose: 0 : 14192, 12, 2023/08/03, 16:25:16.768, 4913584894997, vstest.console.dll, MulticastDelegateUtilities.SafeInvoke: SocketServer: ClientDisconnected: Invoking callback 1/1 for Microsoft.VisualStudio.TestPlatform.CommunicationUtilities.TestRequestSender., took 0 ms.
TpTrace Verbose: 0 : 14192, 12, 2023/08/03, 16:25:16.768, 4913584895349, vstest.console.dll, TcpClientExtensions.MessageLoopAsync: exiting MessageLoopAsync remoteEndPoint: 127.0.0.1:60172 localEndPoint: 127.0.0.1:60171
